
> my-v0-project@0.1.0 type-check
> tsc --noEmit

__tests__/performance/kds-rendering.test.ts(20,12): error TS1005: '>' expected.
__tests__/performance/kds-rendering.test.ts(20,23): error TS1005: ')' expected.
__tests__/performance/kds-rendering.test.ts(21,25): error TS1005: ',' expected.
__tests__/performance/kds-rendering.test.ts(22,16): error TS1005: '>' expected.
__tests__/performance/kds-rendering.test.ts(22,19): error TS1005: ')' expected.
__tests__/performance/kds-rendering.test.ts(22,26): error TS1005: ',' expected.
__tests__/performance/kds-rendering.test.ts(22,31): error TS1005: ',' expected.
__tests__/performance/kds-rendering.test.ts(22,42): error TS1005: ',' expected.
__tests__/performance/kds-rendering.test.ts(23,19): error TS1005: ',' expected.
__tests__/performance/kds-rendering.test.ts(24,12): error TS1161: Unterminated regular expression literal.
__tests__/performance/kds-rendering.test.ts(25,10): error TS1005: ',' expected.
__tests__/performance/kds-rendering.test.ts(26,8): error TS1161: Unterminated regular expression literal.
__tests__/performance/kds-rendering.test.ts(28,3): error TS1005: ',' expected.
__tests__/performance/kds-rendering.test.ts(29,1): error TS1109: Expression expected.
__tests__/performance/kds-rendering.test.ts(29,2): error TS1128: Declaration or statement expected.
__tests__/performance/kds-rendering.test.ts(29,3): error TS1128: Declaration or statement expected.
__tests__/performance/kds-rendering.test.ts(35,12): error TS1005: '>' expected.
__tests__/performance/kds-rendering.test.ts(35,23): error TS1005: ')' expected.
__tests__/performance/kds-rendering.test.ts(35,37): error TS1005: ';' expected.
__tests__/performance/kds-rendering.test.ts(35,50): error TS1005: ';' expected.
__tests__/performance/kds-rendering.test.ts(35,61): error TS1109: Expression expected.
__tests__/performance/kds-rendering.test.ts(36,20): error TS1005: ',' expected.
__tests__/performance/kds-rendering.test.ts(36,40): error TS1161: Unterminated regular expression literal.
__tests__/performance/kds-rendering.test.ts(37,20): error TS1005: ',' expected.
__tests__/performance/kds-rendering.test.ts(37,29): error TS1161: Unterminated regular expression literal.
__tests__/performance/kds-rendering.test.ts(38,20): error TS1005: ',' expected.
__tests__/performance/kds-rendering.test.ts(38,31): error TS1161: Unterminated regular expression literal.
__tests__/performance/kds-rendering.test.ts(39,8): error TS1161: Unterminated regular expression literal.
__tests__/performance/kds-rendering.test.ts(40,5): error TS1128: Declaration or statement expected.
__tests__/performance/kds-rendering.test.ts(42,1): error TS1135: Argument expression expected.
__tests__/performance/kds-rendering.test.ts(42,3): error TS1005: ';' expected.
__tests__/performance/kds-rendering.test.ts(54,33): error TS1005: '>' expected.
__tests__/performance/kds-rendering.test.ts(54,39): error TS1005: ',' expected.
__tests__/performance/kds-rendering.test.ts(54,42): error TS1109: Expression expected.
__tests__/performance/kds-rendering.test.ts(54,43): error TS1005: ':' expected.
__tests__/performance/kds-rendering.test.ts(54,46): error TS1109: Expression expected.
__tests__/performance/kds-rendering.test.ts(54,47): error TS1109: Expression expected.
__tests__/performance/kds-rendering.test.ts(67,33): error TS1005: '>' expected.
__tests__/performance/kds-rendering.test.ts(67,39): error TS1005: ',' expected.
__tests__/performance/kds-rendering.test.ts(67,50): error TS1109: Expression expected.
__tests__/performance/kds-rendering.test.ts(67,51): error TS1109: Expression expected.
__tests__/performance/kds-rendering.test.ts(84,33): error TS1005: '>' expected.
__tests__/performance/kds-rendering.test.ts(84,39): error TS1005: ',' expected.
__tests__/performance/kds-rendering.test.ts(84,50): error TS1109: Expression expected.
__tests__/performance/kds-rendering.test.ts(84,51): error TS1109: Expression expected.
__tests__/performance/kds-rendering.test.ts(99,33): error TS1005: '>' expected.
__tests__/performance/kds-rendering.test.ts(99,39): error TS1005: ',' expected.
__tests__/performance/kds-rendering.test.ts(99,50): error TS1109: Expression expected.
__tests__/performance/kds-rendering.test.ts(99,51): error TS1109: Expression expected.
__tests__/performance/kds-rendering.test.ts(117,33): error TS1005: '>' expected.
__tests__/performance/kds-rendering.test.ts(117,39): error TS1005: ',' expected.
__tests__/performance/kds-rendering.test.ts(117,50): error TS1109: Expression expected.
__tests__/performance/kds-rendering.test.ts(117,51): error TS1109: Expression expected.
__tests__/performance/kds-rendering.test.ts(135,46): error TS1005: '>' expected.
__tests__/performance/kds-rendering.test.ts(135,52): error TS1005: ',' expected.
__tests__/performance/kds-rendering.test.ts(135,70): error TS1109: Expression expected.
__tests__/performance/kds-rendering.test.ts(135,71): error TS1109: Expression expected.
__tests__/performance/kds-rendering.test.ts(144,35): error TS1005: '>' expected.
__tests__/performance/kds-rendering.test.ts(144,41): error TS1005: ',' expected.
__tests__/performance/kds-rendering.test.ts(144,59): error TS1109: Expression expected.
__tests__/performance/kds-rendering.test.ts(144,60): error TS1109: Expression expected.
__tests__/performance/kds-rendering.test.ts(158,46): error TS1005: '>' expected.
__tests__/performance/kds-rendering.test.ts(158,52): error TS1005: ',' expected.
__tests__/performance/kds-rendering.test.ts(158,70): error TS1109: Expression expected.
__tests__/performance/kds-rendering.test.ts(158,71): error TS1109: Expression expected.
__tests__/performance/kds-rendering.test.ts(166,35): error TS1005: '>' expected.
__tests__/performance/kds-rendering.test.ts(166,41): error TS1005: ',' expected.
__tests__/performance/kds-rendering.test.ts(166,59): error TS1109: Expression expected.
__tests__/performance/kds-rendering.test.ts(166,60): error TS1109: Expression expected.
__tests__/performance/kds-rendering.test.ts(180,46): error TS1005: '>' expected.
__tests__/performance/kds-rendering.test.ts(180,52): error TS1005: ',' expected.
__tests__/performance/kds-rendering.test.ts(180,63): error TS1109: Expression expected.
__tests__/performance/kds-rendering.test.ts(180,64): error TS1109: Expression expected.
__tests__/performance/kds-rendering.test.ts(194,29): error TS1005: '>' expected.
__tests__/performance/kds-rendering.test.ts(194,35): error TS1005: ',' expected.
__tests__/performance/kds-rendering.test.ts(194,46): error TS1109: Expression expected.
__tests__/performance/kds-rendering.test.ts(194,47): error TS1109: Expression expected.
__tests__/performance/kds-rendering.test.ts(220,47): error TS1005: '>' expected.
__tests__/performance/kds-rendering.test.ts(220,53): error TS1005: ',' expected.
__tests__/performance/kds-rendering.test.ts(220,64): error TS1109: Expression expected.
__tests__/performance/kds-rendering.test.ts(220,65): error TS1109: Expression expected.
__tests__/performance/kds-rendering.test.ts(245,47): error TS1005: '>' expected.
__tests__/performance/kds-rendering.test.ts(245,53): error TS1005: ',' expected.
__tests__/performance/kds-rendering.test.ts(245,64): error TS1109: Expression expected.
__tests__/performance/kds-rendering.test.ts(245,65): error TS1109: Expression expected.
__tests__/performance/kds-rendering.test.ts(274,33): error TS1005: '>' expected.
__tests__/performance/kds-rendering.test.ts(274,38): error TS1005: ',' expected.
__tests__/performance/kds-rendering.test.ts(274,48): error TS1109: Expression expected.
__tests__/performance/kds-rendering.test.ts(274,49): error TS1109: Expression expected.
__tests__/performance/kds-rendering.test.ts(290,33): error TS1005: '>' expected.
__tests__/performance/kds-rendering.test.ts(290,38): error TS1005: ',' expected.
__tests__/performance/kds-rendering.test.ts(290,48): error TS1109: Expression expected.
__tests__/performance/kds-rendering.test.ts(290,49): error TS1109: Expression expected.
__tests__/performance/kds-rendering.test.ts(312,27): error TS1005: '>' expected.
__tests__/performance/kds-rendering.test.ts(312,33): error TS1005: ',' expected.
__tests__/performance/kds-rendering.test.ts(312,41): error TS1005: ',' expected.
__tests__/performance/kds-rendering.test.ts(312,51): error TS1109: Expression expected.
__tests__/performance/kds-rendering.test.ts(312,52): error TS1109: Expression expected.
__tests__/performance/kds-rendering.test.ts(338,35): error TS1005: '>' expected.
__tests__/performance/kds-rendering.test.ts(338,41): error TS1005: ',' expected.
__tests__/performance/kds-rendering.test.ts(338,52): error TS1109: Expression expected.
__tests__/performance/kds-rendering.test.ts(338,53): error TS1109: Expression expected.
__tests__/performance/kds-rendering.test.ts(365,35): error TS1005: '>' expected.
__tests__/performance/kds-rendering.test.ts(365,41): error TS1005: ',' expected.
__tests__/performance/kds-rendering.test.ts(365,52): error TS1109: Expression expected.
__tests__/performance/kds-rendering.test.ts(365,53): error TS1109: Expression expected.
