<?xml version="1.0" encoding="UTF-8"?>
<testsuites name="jest tests" tests="207" failures="94" errors="0" time="19.922">
  <testsuite name="TranscriptionCache" errors="0" failures="8" skipped="0" timestamp="2025-06-14T22:11:01" time="0.465" tests="11">
    <testcase classname="TranscriptionCache Audio Hash Generation should generate consistent hashes for identical audio" name="TranscriptionCache Audio Hash Generation should generate consistent hashes for identical audio" time="0.014">
    </testcase>
    <testcase classname="TranscriptionCache Audio Hash Generation should generate different hashes for different audio" name="TranscriptionCache Audio Hash Generation should generate different hashes for different audio" time="0.001">
      <failure>Error: expect(received).not.toBe(expected) // Object.is equality

Expected: not &quot;000102030405060708090a0b0c0d0e0f101112131415161718191a1b1c1d1e1f&quot;
    at Object.toBe (/Users/mike/Plate-Restaurant-System-App/__tests__/unit/lib/voice-ordering/transcription-cache.test.ts:102:25)
    at processTicksAndRejections (node:internal/process/task_queues:105:5)</failure>
    </testcase>
    <testcase classname="TranscriptionCache Cache Operations should store and retrieve cached transcriptions" name="TranscriptionCache Cache Operations should store and retrieve cached transcriptions" time="0.029">
    </testcase>
    <testcase classname="TranscriptionCache Cache Operations should not cache low confidence transcriptions" name="TranscriptionCache Cache Operations should not cache low confidence transcriptions" time="0.005">
      <failure>Error: expect(received).toBeNull()

Received: {&quot;audioHash&quot;: &quot;000102030405060708090a0b0c0d0e0f101112131415161718191a1b1c1d1e1f&quot;, &quot;confidence&quot;: 0.95, &quot;createdAt&quot;: 2025-06-14T22:11:01.495Z, &quot;extractedItems&quot;: [&quot;Cheeseburger&quot;, &quot;Fries&quot;], &quot;id&quot;: &quot;cdac7cc8-6f61-4b72-92ca-1df6e7343257&quot;, &quot;lastUsed&quot;: 2025-06-14T22:11:01.523Z, &quot;metadata&quot;: {&quot;duration&quot;: 1000, &quot;format&quot;: &quot;wav&quot;, &quot;optimizedSize&quot;: 5, &quot;originalSize&quot;: 5, &quot;userId&quot;: &quot;test-user-123&quot;}, &quot;transcription&quot;: &quot;I would like a cheeseburger and fries&quot;, &quot;useCount&quot;: 3}
    at Object.toBeNull (/Users/mike/Plate-Restaurant-System-App/__tests__/unit/lib/voice-ordering/transcription-cache.test.ts:139:22)
    at processTicksAndRejections (node:internal/process/task_queues:105:5)</failure>
    </testcase>
    <testcase classname="TranscriptionCache Cache Operations should update usage statistics on cache hits" name="TranscriptionCache Cache Operations should update usage statistics on cache hits" time="0.007">
      <failure>Error: expect(received).toBe(expected) // Object.is equality

Expected: 1
Received: 3
    at Object.toBe (/Users/mike/Plate-Restaurant-System-App/__tests__/unit/lib/voice-ordering/transcription-cache.test.ts:152:33)
    at processTicksAndRejections (node:internal/process/task_queues:105:5)</failure>
    </testcase>
    <testcase classname="TranscriptionCache Similarity Matching should find similar audio files" name="TranscriptionCache Similarity Matching should find similar audio files" time="0.001">
      <failure>ReferenceError: testTranscription is not defined
    at Object.testTranscription (/Users/mike/Plate-Restaurant-System-App/__tests__/unit/lib/voice-ordering/transcription-cache.test.ts:170:37)
    at processTicksAndRejections (node:internal/process/task_queues:105:5)</failure>
    </testcase>
    <testcase classname="TranscriptionCache Cache Statistics should provide accurate cache statistics" name="TranscriptionCache Cache Statistics should provide accurate cache statistics" time="0.001">
      <failure>ReferenceError: testUserId is not defined
    at Object.testUserId (/Users/mike/Plate-Restaurant-System-App/__tests__/unit/lib/voice-ordering/transcription-cache.test.ts:191:79)
    at processTicksAndRejections (node:internal/process/task_queues:105:5)</failure>
    </testcase>
    <testcase classname="TranscriptionCache Cache Performance should achieve target cache hit rate &gt;85%" name="TranscriptionCache Cache Performance should achieve target cache hit rate &gt;85%" time="0.001">
      <failure>ReferenceError: testUserId is not defined
    at Object.testUserId (/Users/mike/Plate-Restaurant-System-App/__tests__/unit/lib/voice-ordering/transcription-cache.test.ts:222:113)
    at processTicksAndRejections (node:internal/process/task_queues:105:5)</failure>
    </testcase>
    <testcase classname="TranscriptionCache Cache Performance should have fast cache lookup times" name="TranscriptionCache Cache Performance should have fast cache lookup times" time="0">
      <failure>ReferenceError: testTranscription is not defined
    at Object.testTranscription (/Users/mike/Plate-Restaurant-System-App/__tests__/unit/lib/voice-ordering/transcription-cache.test.ts:255:35)
    at processTicksAndRejections (node:internal/process/task_queues:105:5)</failure>
    </testcase>
    <testcase classname="TranscriptionCache Cost Efficiency should calculate cost savings correctly" name="TranscriptionCache Cost Efficiency should calculate cost savings correctly" time="0.001">
      <failure>ReferenceError: testTranscription is not defined
    at Object.testTranscription (/Users/mike/Plate-Restaurant-System-App/__tests__/unit/lib/voice-ordering/transcription-cache.test.ts:274:35)
    at processTicksAndRejections (node:internal/process/task_queues:105:5)</failure>
    </testcase>
    <testcase classname="TranscriptionCache Cost Efficiency should estimate cache value correctly" name="TranscriptionCache Cost Efficiency should estimate cache value correctly" time="0">
    </testcase>
  </testsuite>
  <testsuite name="Order Suggestions" errors="0" failures="13" skipped="0" timestamp="2025-06-14T22:11:01" time="0.293" tests="23">
    <testcase classname="Order Suggestions getOrderSuggestions returns empty array when no userId provided" name="Order Suggestions getOrderSuggestions returns empty array when no userId provided" time="0.002">
    </testcase>
    <testcase classname="Order Suggestions getOrderSuggestions returns empty array when no orders found" name="Order Suggestions getOrderSuggestions returns empty array when no orders found" time="0.001">
    </testcase>
    <testcase classname="Order Suggestions getOrderSuggestions returns empty array when orders data is null" name="Order Suggestions getOrderSuggestions returns empty array when orders data is null" time="0">
    </testcase>
    <testcase classname="Order Suggestions getOrderSuggestions groups identical order combinations and counts frequency" name="Order Suggestions getOrderSuggestions groups identical order combinations and counts frequency" time="0.001">
      <failure>Error: expect(received).toHaveLength(expected)

Expected length: 3
Received length: 0
Received array:  []
    at Object.toHaveLength (/Users/mike/Plate-Restaurant-System-App/__tests__/unit/lib/modassembly/supabase/database/suggestions.test.ts:69:22)
    at processTicksAndRejections (node:internal/process/task_queues:105:5)</failure>
    </testcase>
    <testcase classname="Order Suggestions getOrderSuggestions sorts items within each suggestion consistently" name="Order Suggestions getOrderSuggestions sorts items within each suggestion consistently" time="0.001">
      <failure>Error: expect(received).toHaveLength(expected)

Expected length: 1
Received length: 0
Received array:  []
    at Object.toHaveLength (/Users/mike/Plate-Restaurant-System-App/__tests__/unit/lib/modassembly/supabase/database/suggestions.test.ts:102:22)
    at processTicksAndRejections (node:internal/process/task_queues:105:5)</failure>
    </testcase>
    <testcase classname="Order Suggestions getOrderSuggestions filters out invalid order items" name="Order Suggestions getOrderSuggestions filters out invalid order items" time="0">
      <failure>Error: expect(received).toHaveLength(expected)

Expected length: 1
Received length: 0
Received array:  []
    at Object.toHaveLength (/Users/mike/Plate-Restaurant-System-App/__tests__/unit/lib/modassembly/supabase/database/suggestions.test.ts:122:22)
    at processTicksAndRejections (node:internal/process/task_queues:105:5)</failure>
    </testcase>
    <testcase classname="Order Suggestions getOrderSuggestions respects the limit parameter" name="Order Suggestions getOrderSuggestions respects the limit parameter" time="0">
      <failure>Error: expect(received).toHaveLength(expected)

Expected length: 2
Received length: 0
Received array:  []
    at Object.toHaveLength (/Users/mike/Plate-Restaurant-System-App/__tests__/unit/lib/modassembly/supabase/database/suggestions.test.ts:132:22)
    at processTicksAndRejections (node:internal/process/task_queues:105:5)</failure>
    </testcase>
    <testcase classname="Order Suggestions getOrderSuggestions handles minimum limit of 1" name="Order Suggestions getOrderSuggestions handles minimum limit of 1" time="0.003">
      <failure>Error: expect(received).toHaveLength(expected)

Expected length: 1
Received length: 0
Received array:  []
    at Object.toHaveLength (/Users/mike/Plate-Restaurant-System-App/__tests__/unit/lib/modassembly/supabase/database/suggestions.test.ts:139:22)
    at processTicksAndRejections (node:internal/process/task_queues:105:5)</failure>
    </testcase>
    <testcase classname="Order Suggestions getOrderSuggestions handles maximum limit of 10" name="Order Suggestions getOrderSuggestions handles maximum limit of 10" time="0.002">
    </testcase>
    <testcase classname="Order Suggestions getOrderSuggestions uses correct query parameters" name="Order Suggestions getOrderSuggestions uses correct query parameters" time="0.002">
      <failure>Error: expect(jest.fn()).toHaveBeenCalledWith(...expected)

Expected: &quot;items&quot;

Number of calls: 0
    at Object.toHaveBeenCalledWith (/Users/mike/Plate-Restaurant-System-App/__tests__/unit/lib/modassembly/supabase/database/suggestions.test.ts:152:42)
    at processTicksAndRejections (node:internal/process/task_queues:105:5)</failure>
    </testcase>
    <testcase classname="Order Suggestions getOrderSuggestions defaults to food type when no type specified" name="Order Suggestions getOrderSuggestions defaults to food type when no type specified" time="0">
      <failure>Error: expect(jest.fn()).toHaveBeenCalledWith(...expected)

Expected: &quot;type&quot;, &quot;food&quot;
Received: called with 0 arguments

Number of calls: 1
    at Object.toHaveBeenCalledWith (/Users/mike/Plate-Restaurant-System-App/__tests__/unit/lib/modassembly/supabase/database/suggestions.test.ts:162:52)
    at processTicksAndRejections (node:internal/process/task_queues:105:5)</failure>
    </testcase>
    <testcase classname="Order Suggestions getOrderSuggestions defaults to limit of 5 when no limit specified" name="Order Suggestions getOrderSuggestions defaults to limit of 5 when no limit specified" time="0.001">
    </testcase>
    <testcase classname="Order Suggestions getPopularItems returns empty array when no orders found" name="Order Suggestions getPopularItems returns empty array when no orders found" time="0.002">
    </testcase>
    <testcase classname="Order Suggestions getPopularItems returns empty array when orders data is null" name="Order Suggestions getPopularItems returns empty array when orders data is null" time="0.005">
    </testcase>
    <testcase classname="Order Suggestions getPopularItems counts individual item frequency correctly" name="Order Suggestions getPopularItems counts individual item frequency correctly" time="0.001">
      <failure>Error: expect(received).toHaveLength(expected)

Expected length: 6
Received length: 0
Received array:  []
    at Object.toHaveLength (/Users/mike/Plate-Restaurant-System-App/__tests__/unit/lib/modassembly/supabase/database/suggestions.test.ts:226:22)
    at processTicksAndRejections (node:internal/process/task_queues:105:5)</failure>
    </testcase>
    <testcase classname="Order Suggestions getPopularItems respects the limit parameter" name="Order Suggestions getPopularItems respects the limit parameter" time="0.001">
      <failure>Error: expect(received).toHaveLength(expected)

Expected length: 3
Received length: 0
Received array:  []
    at Object.toHaveLength (/Users/mike/Plate-Restaurant-System-App/__tests__/unit/lib/modassembly/supabase/database/suggestions.test.ts:235:22)
    at processTicksAndRejections (node:internal/process/task_queues:105:5)</failure>
    </testcase>
    <testcase classname="Order Suggestions getPopularItems filters out invalid items" name="Order Suggestions getPopularItems filters out invalid items" time="0.009">
      <failure>Error: expect(received).toEqual(expected) // deep equality

- Expected  - 5
+ Received  + 1

- Array [
-   &quot;chicken&quot;,
-   &quot;pasta&quot;,
-   &quot;valid-item&quot;,
- ]
+ Array []
    at Object.toEqual (/Users/mike/Plate-Restaurant-System-App/__tests__/unit/lib/modassembly/supabase/database/suggestions.test.ts:252:22)
    at processTicksAndRejections (node:internal/process/task_queues:105:5)</failure>
    </testcase>
    <testcase classname="Order Suggestions getPopularItems uses correct query parameters" name="Order Suggestions getPopularItems uses correct query parameters" time="0.001">
      <failure>Error: expect(jest.fn()).toHaveBeenCalledWith(...expected)

Expected: &quot;items&quot;

Number of calls: 0
    at Object.toHaveBeenCalledWith (/Users/mike/Plate-Restaurant-System-App/__tests__/unit/lib/modassembly/supabase/database/suggestions.test.ts:261:42)
    at processTicksAndRejections (node:internal/process/task_queues:105:5)</failure>
    </testcase>
    <testcase classname="Order Suggestions getPopularItems defaults to food type when no type specified" name="Order Suggestions getPopularItems defaults to food type when no type specified" time="0">
      <failure>Error: expect(jest.fn()).toHaveBeenCalledWith(...expected)

Expected: &quot;type&quot;, &quot;food&quot;

Number of calls: 0
    at Object.toHaveBeenCalledWith (/Users/mike/Plate-Restaurant-System-App/__tests__/unit/lib/modassembly/supabase/database/suggestions.test.ts:273:47)
    at processTicksAndRejections (node:internal/process/task_queues:105:5)</failure>
    </testcase>
    <testcase classname="Order Suggestions getPopularItems defaults to limit of 10 when no limit specified" name="Order Suggestions getPopularItems defaults to limit of 10 when no limit specified" time="0.001">
    </testcase>
    <testcase classname="Order Suggestions getPopularItems handles date filtering correctly" name="Order Suggestions getPopularItems handles date filtering correctly" time="0">
      <failure>TypeError: Cannot read properties of undefined (reading &apos;1&apos;)
    at Object.&lt;anonymous&gt; (/Users/mike/Plate-Restaurant-System-App/__tests__/unit/lib/modassembly/supabase/database/suggestions.test.ts:293:29)
    at processTicksAndRejections (node:internal/process/task_queues:105:5)</failure>
    </testcase>
    <testcase classname="Order Suggestions Placeholder Functions getSeatResidentSuggestions returns empty array" name="Order Suggestions Placeholder Functions getSeatResidentSuggestions returns empty array" time="0.001">
    </testcase>
    <testcase classname="Order Suggestions Placeholder Functions getTimeBasedResidentSuggestions returns empty array" name="Order Suggestions Placeholder Functions getTimeBasedResidentSuggestions returns empty array" time="0">
    </testcase>
  </testsuite>
  <testsuite name="Unit Tests - Basic" errors="0" failures="0" skipped="0" timestamp="2025-06-14T22:11:01" time="0.07" tests="2">
    <testcase classname="Unit Tests - Basic utility functions work correctly" name="Unit Tests - Basic utility functions work correctly" time="0.001">
    </testcase>
    <testcase classname="Unit Tests - Basic React components can be tested" name="Unit Tests - Basic React components can be tested" time="0">
    </testcase>
  </testsuite>
  <testsuite name="KDSMainContent" errors="0" failures="23" skipped="0" timestamp="2025-06-14T22:11:01" time="1.191" tests="31">
    <testcase classname="KDSMainContent Rendering States renders loading skeleton when loading" name="KDSMainContent Rendering States renders loading skeleton when loading" time="0.066">
      <failure>TestingLibraryElementError: Unable to find an element by: [data-testid=&quot;/skeleton/i&quot;]

Ignored nodes: comments, script, style
&lt;body&gt;
  &lt;div&gt;
    &lt;div&gt;
      &lt;div
        class=&quot;flex-1&quot;
      &gt;
        &lt;div
          class=&quot;p-4 grid gap-4 grid-cols-1 md:grid-cols-2 lg:grid-cols-3&quot;
        &gt;
          &lt;div
            class=&quot;animate-pulse rounded-md bg-muted h-48 w-full&quot;
          /&gt;
          &lt;div
            class=&quot;animate-pulse rounded-md bg-muted h-48 w-full&quot;
          /&gt;
          &lt;div
            class=&quot;animate-pulse rounded-md bg-muted h-48 w-full&quot;
          /&gt;
          &lt;div
            class=&quot;animate-pulse rounded-md bg-muted h-48 w-full&quot;
          /&gt;
          &lt;div
            class=&quot;animate-pulse rounded-md bg-muted h-48 w-full&quot;
          /&gt;
          &lt;div
            class=&quot;animate-pulse rounded-md bg-muted h-48 w-full&quot;
          /&gt;
        &lt;/div&gt;
      &lt;/div&gt;
      &lt;div
        aria-label=&quot;Notifications (F8)&quot;
        role=&quot;region&quot;
        style=&quot;pointer-events: none;&quot;
        tabindex=&quot;-1&quot;
      &gt;
        &lt;ol
          class=&quot;fixed top-0 z-[100] flex max-h-screen w-full flex-col-reverse p-4 sm:bottom-0 sm:right-0 sm:top-auto sm:flex-col md:max-w-[420px]&quot;
          tabindex=&quot;-1&quot;
        /&gt;
      &lt;/div&gt;
    &lt;/div&gt;
  &lt;/div&gt;
&lt;/body&gt;
    at Object.getElementError (/Users/mike/Plate-Restaurant-System-App/node_modules/@testing-library/dom/dist/config.js:37:19)
    at /Users/mike/Plate-Restaurant-System-App/node_modules/@testing-library/dom/dist/query-helpers.js:76:38
    at /Users/mike/Plate-Restaurant-System-App/node_modules/@testing-library/dom/dist/query-helpers.js:109:15
    at Object.getAllByTestId (/Users/mike/Plate-Restaurant-System-App/__tests__/unit/components/kds/kds-main-content.test.tsx:91:32)
    at Promise.then.completed (/Users/mike/Plate-Restaurant-System-App/node_modules/jest-circus/build/utils.js:298:28)
    at new Promise (&lt;anonymous&gt;)
    at callAsyncCircusFn (/Users/mike/Plate-Restaurant-System-App/node_modules/jest-circus/build/utils.js:231:10)
    at _callCircusTest (/Users/mike/Plate-Restaurant-System-App/node_modules/jest-circus/build/run.js:316:40)
    at processTicksAndRejections (node:internal/process/task_queues:105:5)
    at _runTest (/Users/mike/Plate-Restaurant-System-App/node_modules/jest-circus/build/run.js:252:3)
    at _runTestsForDescribeBlock (/Users/mike/Plate-Restaurant-System-App/node_modules/jest-circus/build/run.js:126:9)
    at _runTestsForDescribeBlock (/Users/mike/Plate-Restaurant-System-App/node_modules/jest-circus/build/run.js:121:9)
    at _runTestsForDescribeBlock (/Users/mike/Plate-Restaurant-System-App/node_modules/jest-circus/build/run.js:121:9)
    at run (/Users/mike/Plate-Restaurant-System-App/node_modules/jest-circus/build/run.js:71:3)
    at runAndTransformResultsToJestFormat (/Users/mike/Plate-Restaurant-System-App/node_modules/jest-circus/build/legacy-code-todo-rewrite/jestAdapterInit.js:122:21)
    at jestAdapter (/Users/mike/Plate-Restaurant-System-App/node_modules/jest-circus/build/legacy-code-todo-rewrite/jestAdapter.js:79:19)
    at runTestInternal (/Users/mike/Plate-Restaurant-System-App/node_modules/jest-runner/build/runTest.js:367:16)
    at runTest (/Users/mike/Plate-Restaurant-System-App/node_modules/jest-runner/build/runTest.js:444:34)
    at Object.worker (/Users/mike/Plate-Restaurant-System-App/node_modules/jest-runner/build/testWorker.js:106:12)</failure>
    </testcase>
    <testcase classname="KDSMainContent Rendering States renders error display when there is an error" name="KDSMainContent Rendering States renders error display when there is an error" time="0.008">
    </testcase>
    <testcase classname="KDSMainContent Rendering States renders empty state when no orders" name="KDSMainContent Rendering States renders empty state when no orders" time="0.005">
    </testcase>
    <testcase classname="KDSMainContent Rendering States renders empty state with filter-specific message" name="KDSMainContent Rendering States renders empty state with filter-specific message" time="0.008">
      <failure>TestingLibraryElementError: Unable to find an element with the text: /No new orders/i. This could be because the text is broken up by multiple elements. In this case, you can provide a function for your text matcher to make your matcher more flexible.

Ignored nodes: comments, script, style
&lt;body&gt;
  &lt;div&gt;
    &lt;div&gt;
      &lt;div
        class=&quot;flex-1&quot;
      &gt;
        &lt;div
          class=&quot;flex items-center justify-center h-full min-h-[400px] text-gray-500&quot;
        &gt;
          &lt;div
            class=&quot;text-center&quot;
          &gt;
            &lt;div
              class=&quot;text-6xl mb-4&quot;
            &gt;
              🍽️
            &lt;/div&gt;
            &lt;h3
              class=&quot;text-xl font-medium mb-2 text-white&quot;
            &gt;
              No orders
            &lt;/h3&gt;
            &lt;p
              class=&quot;text-gray-400&quot;
            &gt;
              All caught up! No pending orders.
            &lt;/p&gt;
          &lt;/div&gt;
        &lt;/div&gt;
      &lt;/div&gt;
      &lt;div
        aria-label=&quot;Notifications (F8)&quot;
        role=&quot;region&quot;
        style=&quot;pointer-events: none;&quot;
        tabindex=&quot;-1&quot;
      &gt;
        &lt;ol
          class=&quot;fixed top-0 z-[100] flex max-h-screen w-full flex-col-reverse p-4 sm:bottom-0 sm:right-0 sm:top-auto sm:flex-col md:max-w-[420px]&quot;
          tabindex=&quot;-1&quot;
        /&gt;
      &lt;/div&gt;
    &lt;/div&gt;
  &lt;/div&gt;
&lt;/body&gt;
    at Object.getElementError (/Users/mike/Plate-Restaurant-System-App/node_modules/@testing-library/dom/dist/config.js:37:19)
    at /Users/mike/Plate-Restaurant-System-App/node_modules/@testing-library/dom/dist/query-helpers.js:76:38
    at /Users/mike/Plate-Restaurant-System-App/node_modules/@testing-library/dom/dist/query-helpers.js:52:17
    at /Users/mike/Plate-Restaurant-System-App/node_modules/@testing-library/dom/dist/query-helpers.js:95:19
    at Object.getByText (/Users/mike/Plate-Restaurant-System-App/__tests__/unit/components/kds/kds-main-content.test.tsx:122:21)
    at Promise.then.completed (/Users/mike/Plate-Restaurant-System-App/node_modules/jest-circus/build/utils.js:298:28)
    at new Promise (&lt;anonymous&gt;)
    at callAsyncCircusFn (/Users/mike/Plate-Restaurant-System-App/node_modules/jest-circus/build/utils.js:231:10)
    at _callCircusTest (/Users/mike/Plate-Restaurant-System-App/node_modules/jest-circus/build/run.js:316:40)
    at processTicksAndRejections (node:internal/process/task_queues:105:5)
    at _runTest (/Users/mike/Plate-Restaurant-System-App/node_modules/jest-circus/build/run.js:252:3)
    at _runTestsForDescribeBlock (/Users/mike/Plate-Restaurant-System-App/node_modules/jest-circus/build/run.js:126:9)
    at _runTestsForDescribeBlock (/Users/mike/Plate-Restaurant-System-App/node_modules/jest-circus/build/run.js:121:9)
    at _runTestsForDescribeBlock (/Users/mike/Plate-Restaurant-System-App/node_modules/jest-circus/build/run.js:121:9)
    at run (/Users/mike/Plate-Restaurant-System-App/node_modules/jest-circus/build/run.js:71:3)
    at runAndTransformResultsToJestFormat (/Users/mike/Plate-Restaurant-System-App/node_modules/jest-circus/build/legacy-code-todo-rewrite/jestAdapterInit.js:122:21)
    at jestAdapter (/Users/mike/Plate-Restaurant-System-App/node_modules/jest-circus/build/legacy-code-todo-rewrite/jestAdapter.js:79:19)
    at runTestInternal (/Users/mike/Plate-Restaurant-System-App/node_modules/jest-runner/build/runTest.js:367:16)
    at runTest (/Users/mike/Plate-Restaurant-System-App/node_modules/jest-runner/build/runTest.js:444:34)
    at Object.worker (/Users/mike/Plate-Restaurant-System-App/node_modules/jest-runner/build/testWorker.js:106:12)</failure>
    </testcase>
    <testcase classname="KDSMainContent View Modes renders individual orders in grid view" name="KDSMainContent View Modes renders individual orders in grid view" time="0.031">
      <failure>TestingLibraryElementError: Unable to find an element by: [data-testid=&quot;order-card&quot;]

Ignored nodes: comments, script, style
&lt;body&gt;
  &lt;div&gt;
    &lt;div&gt;
      &lt;div
        class=&quot;flex-1&quot;
      &gt;
        &lt;div
          class=&quot;relative overflow-hidden h-full&quot;
          dir=&quot;ltr&quot;
          style=&quot;position: relative; --radix-scroll-area-corner-width: 0px; --radix-scroll-area-corner-height: 0px;&quot;
        &gt;
          &lt;div
            class=&quot;h-full w-full rounded-[inherit]&quot;
            data-radix-scroll-area-viewport=&quot;&quot;
            style=&quot;overflow-x: hidden; overflow-y: scroll;&quot;
          &gt;
            &lt;div
              style=&quot;min-width: 100%; display: table;&quot;
            &gt;
              &lt;div
                class=&quot;p-4 grid gap-4 grid-cols-1 lg:grid-cols-2 xl:grid-cols-3&quot;
              &gt;
                &lt;div
                  data-table-id=&quot;table-1&quot;
                  data-testid=&quot;table-group-card&quot;
                &gt;
                  &lt;div&gt;
                    Table: 
                    Table 1
                  &lt;/div&gt;
                  &lt;button&gt;
                    Bump Table
                  &lt;/button&gt;
                &lt;/div&gt;
              &lt;/div&gt;
            &lt;/div&gt;
          &lt;/div&gt;
        &lt;/div&gt;
      &lt;/div&gt;
      &lt;div
        aria-label=&quot;Notifications (F8)&quot;
        role=&quot;region&quot;
        style=&quot;pointer-events: none;&quot;
        tabindex=&quot;-1&quot;
      &gt;
        &lt;ol
          class=&quot;fixed top-0 z-[100] flex max-h-screen w-full flex-col-reverse p-4 sm:bottom-0 sm:right-0 sm:top-auto sm:flex-col md:max-w-[420px]&quot;
          tabindex=&quot;-1&quot;
        /&gt;
      &lt;/div&gt;
    &lt;/div&gt;
  &lt;/div&gt;
&lt;/body&gt;
    at Object.getElementError (/Users/mike/Plate-Restaurant-System-App/node_modules/@testing-library/dom/dist/config.js:37:19)
    at /Users/mike/Plate-Restaurant-System-App/node_modules/@testing-library/dom/dist/query-helpers.js:76:38
    at /Users/mike/Plate-Restaurant-System-App/node_modules/@testing-library/dom/dist/query-helpers.js:109:15
    at Object.getAllByTestId (/Users/mike/Plate-Restaurant-System-App/__tests__/unit/components/kds/kds-main-content.test.tsx:140:33)
    at Promise.then.completed (/Users/mike/Plate-Restaurant-System-App/node_modules/jest-circus/build/utils.js:298:28)
    at new Promise (&lt;anonymous&gt;)
    at callAsyncCircusFn (/Users/mike/Plate-Restaurant-System-App/node_modules/jest-circus/build/utils.js:231:10)
    at _callCircusTest (/Users/mike/Plate-Restaurant-System-App/node_modules/jest-circus/build/run.js:316:40)
    at processTicksAndRejections (node:internal/process/task_queues:105:5)
    at _runTest (/Users/mike/Plate-Restaurant-System-App/node_modules/jest-circus/build/run.js:252:3)
    at _runTestsForDescribeBlock (/Users/mike/Plate-Restaurant-System-App/node_modules/jest-circus/build/run.js:126:9)
    at _runTestsForDescribeBlock (/Users/mike/Plate-Restaurant-System-App/node_modules/jest-circus/build/run.js:121:9)
    at _runTestsForDescribeBlock (/Users/mike/Plate-Restaurant-System-App/node_modules/jest-circus/build/run.js:121:9)
    at run (/Users/mike/Plate-Restaurant-System-App/node_modules/jest-circus/build/run.js:71:3)
    at runAndTransformResultsToJestFormat (/Users/mike/Plate-Restaurant-System-App/node_modules/jest-circus/build/legacy-code-todo-rewrite/jestAdapterInit.js:122:21)
    at jestAdapter (/Users/mike/Plate-Restaurant-System-App/node_modules/jest-circus/build/legacy-code-todo-rewrite/jestAdapter.js:79:19)
    at runTestInternal (/Users/mike/Plate-Restaurant-System-App/node_modules/jest-runner/build/runTest.js:367:16)
    at runTest (/Users/mike/Plate-Restaurant-System-App/node_modules/jest-runner/build/runTest.js:444:34)
    at Object.worker (/Users/mike/Plate-Restaurant-System-App/node_modules/jest-runner/build/testWorker.js:106:12)</failure>
    </testcase>
    <testcase classname="KDSMainContent View Modes renders individual orders in list view" name="KDSMainContent View Modes renders individual orders in list view" time="0.015">
      <failure>TestingLibraryElementError: Unable to find an element by: [data-testid=&quot;order-card&quot;]

Ignored nodes: comments, script, style
&lt;body&gt;
  &lt;div&gt;
    &lt;div&gt;
      &lt;div
        class=&quot;flex-1&quot;
      &gt;
        &lt;div
          class=&quot;relative overflow-hidden h-full&quot;
          dir=&quot;ltr&quot;
          style=&quot;position: relative; --radix-scroll-area-corner-width: 0px; --radix-scroll-area-corner-height: 0px;&quot;
        &gt;
          &lt;div
            class=&quot;h-full w-full rounded-[inherit]&quot;
            data-radix-scroll-area-viewport=&quot;&quot;
            style=&quot;overflow-x: hidden; overflow-y: scroll;&quot;
          &gt;
            &lt;div
              style=&quot;min-width: 100%; display: table;&quot;
            &gt;
              &lt;div
                class=&quot;p-4 grid gap-4 grid-cols-1 lg:grid-cols-2 xl:grid-cols-3&quot;
              &gt;
                &lt;div
                  data-table-id=&quot;table-1&quot;
                  data-testid=&quot;table-group-card&quot;
                &gt;
                  &lt;div&gt;
                    Table: 
                    Table 1
                  &lt;/div&gt;
                  &lt;button&gt;
                    Bump Table
                  &lt;/button&gt;
                &lt;/div&gt;
              &lt;/div&gt;
            &lt;/div&gt;
          &lt;/div&gt;
        &lt;/div&gt;
      &lt;/div&gt;
      &lt;div
        aria-label=&quot;Notifications (F8)&quot;
        role=&quot;region&quot;
        style=&quot;pointer-events: none;&quot;
        tabindex=&quot;-1&quot;
      &gt;
        &lt;ol
          class=&quot;fixed top-0 z-[100] flex max-h-screen w-full flex-col-reverse p-4 sm:bottom-0 sm:right-0 sm:top-auto sm:flex-col md:max-w-[420px]&quot;
          tabindex=&quot;-1&quot;
        /&gt;
      &lt;/div&gt;
    &lt;/div&gt;
  &lt;/div&gt;
&lt;/body&gt;
    at Object.getElementError (/Users/mike/Plate-Restaurant-System-App/node_modules/@testing-library/dom/dist/config.js:37:19)
    at /Users/mike/Plate-Restaurant-System-App/node_modules/@testing-library/dom/dist/query-helpers.js:76:38
    at /Users/mike/Plate-Restaurant-System-App/node_modules/@testing-library/dom/dist/query-helpers.js:109:15
    at Object.getAllByTestId (/Users/mike/Plate-Restaurant-System-App/__tests__/unit/components/kds/kds-main-content.test.tsx:149:33)
    at Promise.then.completed (/Users/mike/Plate-Restaurant-System-App/node_modules/jest-circus/build/utils.js:298:28)
    at new Promise (&lt;anonymous&gt;)
    at callAsyncCircusFn (/Users/mike/Plate-Restaurant-System-App/node_modules/jest-circus/build/utils.js:231:10)
    at _callCircusTest (/Users/mike/Plate-Restaurant-System-App/node_modules/jest-circus/build/run.js:316:40)
    at processTicksAndRejections (node:internal/process/task_queues:105:5)
    at _runTest (/Users/mike/Plate-Restaurant-System-App/node_modules/jest-circus/build/run.js:252:3)
    at _runTestsForDescribeBlock (/Users/mike/Plate-Restaurant-System-App/node_modules/jest-circus/build/run.js:126:9)
    at _runTestsForDescribeBlock (/Users/mike/Plate-Restaurant-System-App/node_modules/jest-circus/build/run.js:121:9)
    at _runTestsForDescribeBlock (/Users/mike/Plate-Restaurant-System-App/node_modules/jest-circus/build/run.js:121:9)
    at run (/Users/mike/Plate-Restaurant-System-App/node_modules/jest-circus/build/run.js:71:3)
    at runAndTransformResultsToJestFormat (/Users/mike/Plate-Restaurant-System-App/node_modules/jest-circus/build/legacy-code-todo-rewrite/jestAdapterInit.js:122:21)
    at jestAdapter (/Users/mike/Plate-Restaurant-System-App/node_modules/jest-circus/build/legacy-code-todo-rewrite/jestAdapter.js:79:19)
    at runTestInternal (/Users/mike/Plate-Restaurant-System-App/node_modules/jest-runner/build/runTest.js:367:16)
    at runTest (/Users/mike/Plate-Restaurant-System-App/node_modules/jest-runner/build/runTest.js:444:34)
    at Object.worker (/Users/mike/Plate-Restaurant-System-App/node_modules/jest-runner/build/testWorker.js:106:12)</failure>
    </testcase>
    <testcase classname="KDSMainContent View Modes renders table groups in table view" name="KDSMainContent View Modes renders table groups in table view" time="0.01">
    </testcase>
    <testcase classname="KDSMainContent View Modes applies correct grid classes for different view modes" name="KDSMainContent View Modes applies correct grid classes for different view modes" time="0.023">
      <failure>Error: expect(received).toBeInTheDocument()

received value must be an HTMLElement or an SVGElement.
Received has value: null
    at __EXTERNAL_MATCHER_TRAP__ (/Users/mike/Plate-Restaurant-System-App/node_modules/expect/build/index.js:325:30)
    at Object.throwingMatcher [as toBeInTheDocument] (/Users/mike/Plate-Restaurant-System-App/node_modules/expect/build/index.js:326:15)
    at Object.toBeInTheDocument (/Users/mike/Plate-Restaurant-System-App/__tests__/unit/components/kds/kds-main-content.test.tsx:167:29)
    at Promise.then.completed (/Users/mike/Plate-Restaurant-System-App/node_modules/jest-circus/build/utils.js:298:28)
    at new Promise (&lt;anonymous&gt;)
    at callAsyncCircusFn (/Users/mike/Plate-Restaurant-System-App/node_modules/jest-circus/build/utils.js:231:10)
    at _callCircusTest (/Users/mike/Plate-Restaurant-System-App/node_modules/jest-circus/build/run.js:316:40)
    at processTicksAndRejections (node:internal/process/task_queues:105:5)
    at _runTest (/Users/mike/Plate-Restaurant-System-App/node_modules/jest-circus/build/run.js:252:3)
    at _runTestsForDescribeBlock (/Users/mike/Plate-Restaurant-System-App/node_modules/jest-circus/build/run.js:126:9)
    at _runTestsForDescribeBlock (/Users/mike/Plate-Restaurant-System-App/node_modules/jest-circus/build/run.js:121:9)
    at _runTestsForDescribeBlock (/Users/mike/Plate-Restaurant-System-App/node_modules/jest-circus/build/run.js:121:9)
    at run (/Users/mike/Plate-Restaurant-System-App/node_modules/jest-circus/build/run.js:71:3)
    at runAndTransformResultsToJestFormat (/Users/mike/Plate-Restaurant-System-App/node_modules/jest-circus/build/legacy-code-todo-rewrite/jestAdapterInit.js:122:21)
    at jestAdapter (/Users/mike/Plate-Restaurant-System-App/node_modules/jest-circus/build/legacy-code-todo-rewrite/jestAdapter.js:79:19)
    at runTestInternal (/Users/mike/Plate-Restaurant-System-App/node_modules/jest-runner/build/runTest.js:367:16)
    at runTest (/Users/mike/Plate-Restaurant-System-App/node_modules/jest-runner/build/runTest.js:444:34)
    at Object.worker (/Users/mike/Plate-Restaurant-System-App/node_modules/jest-runner/build/testWorker.js:106:12)</failure>
    </testcase>
    <testcase classname="KDSMainContent View Modes adapts grid layout based on order count" name="KDSMainContent View Modes adapts grid layout based on order count" time="0.007">
      <failure>Error: expect(element).toHaveClass(&quot;grid-cols-1 md:grid-cols-2&quot;)

Expected the element to have class:
  grid-cols-1 md:grid-cols-2
Received:
  p-4 grid gap-4 grid-cols-1 lg:grid-cols-2 xl:grid-cols-3
    at Object.toHaveClass (/Users/mike/Plate-Restaurant-System-App/__tests__/unit/components/kds/kds-main-content.test.tsx:176:29)
    at Promise.then.completed (/Users/mike/Plate-Restaurant-System-App/node_modules/jest-circus/build/utils.js:298:28)
    at new Promise (&lt;anonymous&gt;)
    at callAsyncCircusFn (/Users/mike/Plate-Restaurant-System-App/node_modules/jest-circus/build/utils.js:231:10)
    at _callCircusTest (/Users/mike/Plate-Restaurant-System-App/node_modules/jest-circus/build/run.js:316:40)
    at processTicksAndRejections (node:internal/process/task_queues:105:5)
    at _runTest (/Users/mike/Plate-Restaurant-System-App/node_modules/jest-circus/build/run.js:252:3)
    at _runTestsForDescribeBlock (/Users/mike/Plate-Restaurant-System-App/node_modules/jest-circus/build/run.js:126:9)
    at _runTestsForDescribeBlock (/Users/mike/Plate-Restaurant-System-App/node_modules/jest-circus/build/run.js:121:9)
    at _runTestsForDescribeBlock (/Users/mike/Plate-Restaurant-System-App/node_modules/jest-circus/build/run.js:121:9)
    at run (/Users/mike/Plate-Restaurant-System-App/node_modules/jest-circus/build/run.js:71:3)
    at runAndTransformResultsToJestFormat (/Users/mike/Plate-Restaurant-System-App/node_modules/jest-circus/build/legacy-code-todo-rewrite/jestAdapterInit.js:122:21)
    at jestAdapter (/Users/mike/Plate-Restaurant-System-App/node_modules/jest-circus/build/legacy-code-todo-rewrite/jestAdapter.js:79:19)
    at runTestInternal (/Users/mike/Plate-Restaurant-System-App/node_modules/jest-runner/build/runTest.js:367:16)
    at runTest (/Users/mike/Plate-Restaurant-System-App/node_modules/jest-runner/build/runTest.js:444:34)
    at Object.worker (/Users/mike/Plate-Restaurant-System-App/node_modules/jest-runner/build/testWorker.js:106:12)</failure>
    </testcase>
    <testcase classname="KDSMainContent Data Filtering and Sorting filters orders by status" name="KDSMainContent Data Filtering and Sorting filters orders by status" time="0.005">
      <failure>TestingLibraryElementError: Unable to find an element by: [data-testid=&quot;order-card&quot;]

Ignored nodes: comments, script, style
&lt;body&gt;
  &lt;div&gt;
    &lt;div&gt;
      &lt;div
        class=&quot;flex-1&quot;
      &gt;
        &lt;div
          class=&quot;relative overflow-hidden h-full&quot;
          dir=&quot;ltr&quot;
          style=&quot;position: relative; --radix-scroll-area-corner-width: 0px; --radix-scroll-area-corner-height: 0px;&quot;
        &gt;
          &lt;div
            class=&quot;h-full w-full rounded-[inherit]&quot;
            data-radix-scroll-area-viewport=&quot;&quot;
            style=&quot;overflow-x: hidden; overflow-y: scroll;&quot;
          &gt;
            &lt;div
              style=&quot;min-width: 100%; display: table;&quot;
            &gt;
              &lt;div
                class=&quot;p-4 grid gap-4 grid-cols-1 lg:grid-cols-2 xl:grid-cols-3&quot;
              &gt;
                &lt;div
                  data-table-id=&quot;table-1&quot;
                  data-testid=&quot;table-group-card&quot;
                &gt;
                  &lt;div&gt;
                    Table: 
                    Table 1
                  &lt;/div&gt;
                  &lt;button&gt;
                    Bump Table
                  &lt;/button&gt;
                &lt;/div&gt;
              &lt;/div&gt;
            &lt;/div&gt;
          &lt;/div&gt;
        &lt;/div&gt;
      &lt;/div&gt;
      &lt;div
        aria-label=&quot;Notifications (F8)&quot;
        role=&quot;region&quot;
        style=&quot;pointer-events: none;&quot;
        tabindex=&quot;-1&quot;
      &gt;
        &lt;ol
          class=&quot;fixed top-0 z-[100] flex max-h-screen w-full flex-col-reverse p-4 sm:bottom-0 sm:right-0 sm:top-auto sm:flex-col md:max-w-[420px]&quot;
          tabindex=&quot;-1&quot;
        /&gt;
      &lt;/div&gt;
    &lt;/div&gt;
  &lt;/div&gt;
&lt;/body&gt;
    at Object.getElementError (/Users/mike/Plate-Restaurant-System-App/node_modules/@testing-library/dom/dist/config.js:37:19)
    at /Users/mike/Plate-Restaurant-System-App/node_modules/@testing-library/dom/dist/query-helpers.js:76:38
    at /Users/mike/Plate-Restaurant-System-App/node_modules/@testing-library/dom/dist/query-helpers.js:109:15
    at Object.getAllByTestId (/Users/mike/Plate-Restaurant-System-App/__tests__/unit/components/kds/kds-main-content.test.tsx:224:33)
    at Promise.then.completed (/Users/mike/Plate-Restaurant-System-App/node_modules/jest-circus/build/utils.js:298:28)
    at new Promise (&lt;anonymous&gt;)
    at callAsyncCircusFn (/Users/mike/Plate-Restaurant-System-App/node_modules/jest-circus/build/utils.js:231:10)
    at _callCircusTest (/Users/mike/Plate-Restaurant-System-App/node_modules/jest-circus/build/run.js:316:40)
    at processTicksAndRejections (node:internal/process/task_queues:105:5)
    at _runTest (/Users/mike/Plate-Restaurant-System-App/node_modules/jest-circus/build/run.js:252:3)
    at _runTestsForDescribeBlock (/Users/mike/Plate-Restaurant-System-App/node_modules/jest-circus/build/run.js:126:9)
    at _runTestsForDescribeBlock (/Users/mike/Plate-Restaurant-System-App/node_modules/jest-circus/build/run.js:121:9)
    at _runTestsForDescribeBlock (/Users/mike/Plate-Restaurant-System-App/node_modules/jest-circus/build/run.js:121:9)
    at run (/Users/mike/Plate-Restaurant-System-App/node_modules/jest-circus/build/run.js:71:3)
    at runAndTransformResultsToJestFormat (/Users/mike/Plate-Restaurant-System-App/node_modules/jest-circus/build/legacy-code-todo-rewrite/jestAdapterInit.js:122:21)
    at jestAdapter (/Users/mike/Plate-Restaurant-System-App/node_modules/jest-circus/build/legacy-code-todo-rewrite/jestAdapter.js:79:19)
    at runTestInternal (/Users/mike/Plate-Restaurant-System-App/node_modules/jest-runner/build/runTest.js:367:16)
    at runTest (/Users/mike/Plate-Restaurant-System-App/node_modules/jest-runner/build/runTest.js:444:34)
    at Object.worker (/Users/mike/Plate-Restaurant-System-App/node_modules/jest-runner/build/testWorker.js:106:12)</failure>
    </testcase>
    <testcase classname="KDSMainContent Data Filtering and Sorting sorts orders by priority" name="KDSMainContent Data Filtering and Sorting sorts orders by priority" time="0.004">
      <failure>TestingLibraryElementError: Unable to find an element by: [data-testid=&quot;order-card&quot;]

Ignored nodes: comments, script, style
&lt;body&gt;
  &lt;div&gt;
    &lt;div&gt;
      &lt;div
        class=&quot;flex-1&quot;
      &gt;
        &lt;div
          class=&quot;relative overflow-hidden h-full&quot;
          dir=&quot;ltr&quot;
          style=&quot;position: relative; --radix-scroll-area-corner-width: 0px; --radix-scroll-area-corner-height: 0px;&quot;
        &gt;
          &lt;div
            class=&quot;h-full w-full rounded-[inherit]&quot;
            data-radix-scroll-area-viewport=&quot;&quot;
            style=&quot;overflow-x: hidden; overflow-y: scroll;&quot;
          &gt;
            &lt;div
              style=&quot;min-width: 100%; display: table;&quot;
            &gt;
              &lt;div
                class=&quot;p-4 grid gap-4 grid-cols-1 lg:grid-cols-2 xl:grid-cols-3&quot;
              &gt;
                &lt;div
                  data-table-id=&quot;table-1&quot;
                  data-testid=&quot;table-group-card&quot;
                &gt;
                  &lt;div&gt;
                    Table: 
                    Table 1
                  &lt;/div&gt;
                  &lt;button&gt;
                    Bump Table
                  &lt;/button&gt;
                &lt;/div&gt;
              &lt;/div&gt;
            &lt;/div&gt;
          &lt;/div&gt;
        &lt;/div&gt;
      &lt;/div&gt;
      &lt;div
        aria-label=&quot;Notifications (F8)&quot;
        role=&quot;region&quot;
        style=&quot;pointer-events: none;&quot;
        tabindex=&quot;-1&quot;
      &gt;
        &lt;ol
          class=&quot;fixed top-0 z-[100] flex max-h-screen w-full flex-col-reverse p-4 sm:bottom-0 sm:right-0 sm:top-auto sm:flex-col md:max-w-[420px]&quot;
          tabindex=&quot;-1&quot;
        /&gt;
      &lt;/div&gt;
    &lt;/div&gt;
  &lt;/div&gt;
&lt;/body&gt;
    at Object.getElementError (/Users/mike/Plate-Restaurant-System-App/node_modules/@testing-library/dom/dist/config.js:37:19)
    at /Users/mike/Plate-Restaurant-System-App/node_modules/@testing-library/dom/dist/query-helpers.js:76:38
    at /Users/mike/Plate-Restaurant-System-App/node_modules/@testing-library/dom/dist/query-helpers.js:109:15
    at Object.getAllByTestId (/Users/mike/Plate-Restaurant-System-App/__tests__/unit/components/kds/kds-main-content.test.tsx:241:33)
    at Promise.then.completed (/Users/mike/Plate-Restaurant-System-App/node_modules/jest-circus/build/utils.js:298:28)
    at new Promise (&lt;anonymous&gt;)
    at callAsyncCircusFn (/Users/mike/Plate-Restaurant-System-App/node_modules/jest-circus/build/utils.js:231:10)
    at _callCircusTest (/Users/mike/Plate-Restaurant-System-App/node_modules/jest-circus/build/run.js:316:40)
    at processTicksAndRejections (node:internal/process/task_queues:105:5)
    at _runTest (/Users/mike/Plate-Restaurant-System-App/node_modules/jest-circus/build/run.js:252:3)
    at _runTestsForDescribeBlock (/Users/mike/Plate-Restaurant-System-App/node_modules/jest-circus/build/run.js:126:9)
    at _runTestsForDescribeBlock (/Users/mike/Plate-Restaurant-System-App/node_modules/jest-circus/build/run.js:121:9)
    at _runTestsForDescribeBlock (/Users/mike/Plate-Restaurant-System-App/node_modules/jest-circus/build/run.js:121:9)
    at run (/Users/mike/Plate-Restaurant-System-App/node_modules/jest-circus/build/run.js:71:3)
    at runAndTransformResultsToJestFormat (/Users/mike/Plate-Restaurant-System-App/node_modules/jest-circus/build/legacy-code-todo-rewrite/jestAdapterInit.js:122:21)
    at jestAdapter (/Users/mike/Plate-Restaurant-System-App/node_modules/jest-circus/build/legacy-code-todo-rewrite/jestAdapter.js:79:19)
    at runTestInternal (/Users/mike/Plate-Restaurant-System-App/node_modules/jest-runner/build/runTest.js:367:16)
    at runTest (/Users/mike/Plate-Restaurant-System-App/node_modules/jest-runner/build/runTest.js:444:34)
    at Object.worker (/Users/mike/Plate-Restaurant-System-App/node_modules/jest-runner/build/testWorker.js:106:12)</failure>
    </testcase>
    <testcase classname="KDSMainContent Data Filtering and Sorting sorts orders by time" name="KDSMainContent Data Filtering and Sorting sorts orders by time" time="0.004">
      <failure>TestingLibraryElementError: Unable to find an element by: [data-testid=&quot;order-card&quot;]

Ignored nodes: comments, script, style
&lt;body&gt;
  &lt;div&gt;
    &lt;div&gt;
      &lt;div
        class=&quot;flex-1&quot;
      &gt;
        &lt;div
          class=&quot;relative overflow-hidden h-full&quot;
          dir=&quot;ltr&quot;
          style=&quot;position: relative; --radix-scroll-area-corner-width: 0px; --radix-scroll-area-corner-height: 0px;&quot;
        &gt;
          &lt;div
            class=&quot;h-full w-full rounded-[inherit]&quot;
            data-radix-scroll-area-viewport=&quot;&quot;
            style=&quot;overflow-x: hidden; overflow-y: scroll;&quot;
          &gt;
            &lt;div
              style=&quot;min-width: 100%; display: table;&quot;
            &gt;
              &lt;div
                class=&quot;p-4 grid gap-4 grid-cols-1 lg:grid-cols-2 xl:grid-cols-3&quot;
              &gt;
                &lt;div
                  data-table-id=&quot;table-1&quot;
                  data-testid=&quot;table-group-card&quot;
                &gt;
                  &lt;div&gt;
                    Table: 
                    Table 1
                  &lt;/div&gt;
                  &lt;button&gt;
                    Bump Table
                  &lt;/button&gt;
                &lt;/div&gt;
              &lt;/div&gt;
            &lt;/div&gt;
          &lt;/div&gt;
        &lt;/div&gt;
      &lt;/div&gt;
      &lt;div
        aria-label=&quot;Notifications (F8)&quot;
        role=&quot;region&quot;
        style=&quot;pointer-events: none;&quot;
        tabindex=&quot;-1&quot;
      &gt;
        &lt;ol
          class=&quot;fixed top-0 z-[100] flex max-h-screen w-full flex-col-reverse p-4 sm:bottom-0 sm:right-0 sm:top-auto sm:flex-col md:max-w-[420px]&quot;
          tabindex=&quot;-1&quot;
        /&gt;
      &lt;/div&gt;
    &lt;/div&gt;
  &lt;/div&gt;
&lt;/body&gt;
    at Object.getElementError (/Users/mike/Plate-Restaurant-System-App/node_modules/@testing-library/dom/dist/config.js:37:19)
    at /Users/mike/Plate-Restaurant-System-App/node_modules/@testing-library/dom/dist/query-helpers.js:76:38
    at /Users/mike/Plate-Restaurant-System-App/node_modules/@testing-library/dom/dist/query-helpers.js:109:15
    at Object.getAllByTestId (/Users/mike/Plate-Restaurant-System-App/__tests__/unit/components/kds/kds-main-content.test.tsx:272:33)
    at Promise.then.completed (/Users/mike/Plate-Restaurant-System-App/node_modules/jest-circus/build/utils.js:298:28)
    at new Promise (&lt;anonymous&gt;)
    at callAsyncCircusFn (/Users/mike/Plate-Restaurant-System-App/node_modules/jest-circus/build/utils.js:231:10)
    at _callCircusTest (/Users/mike/Plate-Restaurant-System-App/node_modules/jest-circus/build/run.js:316:40)
    at processTicksAndRejections (node:internal/process/task_queues:105:5)
    at _runTest (/Users/mike/Plate-Restaurant-System-App/node_modules/jest-circus/build/run.js:252:3)
    at _runTestsForDescribeBlock (/Users/mike/Plate-Restaurant-System-App/node_modules/jest-circus/build/run.js:126:9)
    at _runTestsForDescribeBlock (/Users/mike/Plate-Restaurant-System-App/node_modules/jest-circus/build/run.js:121:9)
    at _runTestsForDescribeBlock (/Users/mike/Plate-Restaurant-System-App/node_modules/jest-circus/build/run.js:121:9)
    at run (/Users/mike/Plate-Restaurant-System-App/node_modules/jest-circus/build/run.js:71:3)
    at runAndTransformResultsToJestFormat (/Users/mike/Plate-Restaurant-System-App/node_modules/jest-circus/build/legacy-code-todo-rewrite/jestAdapterInit.js:122:21)
    at jestAdapter (/Users/mike/Plate-Restaurant-System-App/node_modules/jest-circus/build/legacy-code-todo-rewrite/jestAdapter.js:79:19)
    at runTestInternal (/Users/mike/Plate-Restaurant-System-App/node_modules/jest-runner/build/runTest.js:367:16)
    at runTest (/Users/mike/Plate-Restaurant-System-App/node_modules/jest-runner/build/runTest.js:444:34)
    at Object.worker (/Users/mike/Plate-Restaurant-System-App/node_modules/jest-runner/build/testWorker.js:106:12)</failure>
    </testcase>
    <testcase classname="KDSMainContent Data Filtering and Sorting sorts orders by table" name="KDSMainContent Data Filtering and Sorting sorts orders by table" time="0.027">
      <failure>TestingLibraryElementError: Unable to find an element by: [data-testid=&quot;order-card&quot;]

Ignored nodes: comments, script, style
&lt;body&gt;
  &lt;div&gt;
    &lt;div&gt;
      &lt;div
        class=&quot;flex-1&quot;
      &gt;
        &lt;div
          class=&quot;relative overflow-hidden h-full&quot;
          dir=&quot;ltr&quot;
          style=&quot;position: relative; --radix-scroll-area-corner-width: 0px; --radix-scroll-area-corner-height: 0px;&quot;
        &gt;
          &lt;div
            class=&quot;h-full w-full rounded-[inherit]&quot;
            data-radix-scroll-area-viewport=&quot;&quot;
            style=&quot;overflow-x: hidden; overflow-y: scroll;&quot;
          &gt;
            &lt;div
              style=&quot;min-width: 100%; display: table;&quot;
            &gt;
              &lt;div
                class=&quot;p-4 grid gap-4 grid-cols-1 lg:grid-cols-2 xl:grid-cols-3&quot;
              &gt;
                &lt;div
                  data-table-id=&quot;table-1&quot;
                  data-testid=&quot;table-group-card&quot;
                &gt;
                  &lt;div&gt;
                    Table: 
                    Table 1
                  &lt;/div&gt;
                  &lt;button&gt;
                    Bump Table
                  &lt;/button&gt;
                &lt;/div&gt;
              &lt;/div&gt;
            &lt;/div&gt;
          &lt;/div&gt;
        &lt;/div&gt;
      &lt;/div&gt;
      &lt;div
        aria-label=&quot;Notifications (F8)&quot;
        role=&quot;region&quot;
        style=&quot;pointer-events: none;&quot;
        tabindex=&quot;-1&quot;
      &gt;
        &lt;ol
          class=&quot;fixed top-0 z-[100] flex max-h-screen w-full flex-col-reverse p-4 sm:bottom-0 sm:right-0 sm:top-auto sm:flex-col md:max-w-[420px]&quot;
          tabindex=&quot;-1&quot;
        /&gt;
      &lt;/div&gt;
    &lt;/div&gt;
  &lt;/div&gt;
&lt;/body&gt;
    at Object.getElementError (/Users/mike/Plate-Restaurant-System-App/node_modules/@testing-library/dom/dist/config.js:37:19)
    at /Users/mike/Plate-Restaurant-System-App/node_modules/@testing-library/dom/dist/query-helpers.js:76:38
    at /Users/mike/Plate-Restaurant-System-App/node_modules/@testing-library/dom/dist/query-helpers.js:109:15
    at Object.getAllByTestId (/Users/mike/Plate-Restaurant-System-App/__tests__/unit/components/kds/kds-main-content.test.tsx:302:33)
    at Promise.then.completed (/Users/mike/Plate-Restaurant-System-App/node_modules/jest-circus/build/utils.js:298:28)
    at new Promise (&lt;anonymous&gt;)
    at callAsyncCircusFn (/Users/mike/Plate-Restaurant-System-App/node_modules/jest-circus/build/utils.js:231:10)
    at _callCircusTest (/Users/mike/Plate-Restaurant-System-App/node_modules/jest-circus/build/run.js:316:40)
    at processTicksAndRejections (node:internal/process/task_queues:105:5)
    at _runTest (/Users/mike/Plate-Restaurant-System-App/node_modules/jest-circus/build/run.js:252:3)
    at _runTestsForDescribeBlock (/Users/mike/Plate-Restaurant-System-App/node_modules/jest-circus/build/run.js:126:9)
    at _runTestsForDescribeBlock (/Users/mike/Plate-Restaurant-System-App/node_modules/jest-circus/build/run.js:121:9)
    at _runTestsForDescribeBlock (/Users/mike/Plate-Restaurant-System-App/node_modules/jest-circus/build/run.js:121:9)
    at run (/Users/mike/Plate-Restaurant-System-App/node_modules/jest-circus/build/run.js:71:3)
    at runAndTransformResultsToJestFormat (/Users/mike/Plate-Restaurant-System-App/node_modules/jest-circus/build/legacy-code-todo-rewrite/jestAdapterInit.js:122:21)
    at jestAdapter (/Users/mike/Plate-Restaurant-System-App/node_modules/jest-circus/build/legacy-code-todo-rewrite/jestAdapter.js:79:19)
    at runTestInternal (/Users/mike/Plate-Restaurant-System-App/node_modules/jest-runner/build/runTest.js:367:16)
    at runTest (/Users/mike/Plate-Restaurant-System-App/node_modules/jest-runner/build/runTest.js:444:34)
    at Object.worker (/Users/mike/Plate-Restaurant-System-App/node_modules/jest-runner/build/testWorker.js:106:12)</failure>
    </testcase>
    <testcase classname="KDSMainContent User Interactions handles order bump action" name="KDSMainContent User Interactions handles order bump action" time="0.022">
      <failure>TestingLibraryElementError: Unable to find an element with the text: Bump. This could be because the text is broken up by multiple elements. In this case, you can provide a function for your text matcher to make your matcher more flexible.

Ignored nodes: comments, script, style
&lt;body&gt;
  &lt;div&gt;
    &lt;div&gt;
      &lt;div
        class=&quot;flex-1&quot;
      &gt;
        &lt;div
          class=&quot;relative overflow-hidden h-full&quot;
          dir=&quot;ltr&quot;
          style=&quot;position: relative; --radix-scroll-area-corner-width: 0px; --radix-scroll-area-corner-height: 0px;&quot;
        &gt;
          &lt;div
            class=&quot;h-full w-full rounded-[inherit]&quot;
            data-radix-scroll-area-viewport=&quot;&quot;
            style=&quot;overflow-x: hidden; overflow-y: scroll;&quot;
          &gt;
            &lt;div
              style=&quot;min-width: 100%; display: table;&quot;
            &gt;
              &lt;div
                class=&quot;p-4 grid gap-4 grid-cols-1 lg:grid-cols-2 xl:grid-cols-3&quot;
              &gt;
                &lt;div
                  data-table-id=&quot;table-1&quot;
                  data-testid=&quot;table-group-card&quot;
                &gt;
                  &lt;div&gt;
                    Table: 
                    Table 1
                  &lt;/div&gt;
                  &lt;button&gt;
                    Bump Table
                  &lt;/button&gt;
                &lt;/div&gt;
              &lt;/div&gt;
            &lt;/div&gt;
          &lt;/div&gt;
        &lt;/div&gt;
      &lt;/div&gt;
      &lt;div
        aria-label=&quot;Notifications (F8)&quot;
        role=&quot;region&quot;
        style=&quot;pointer-events: none;&quot;
        tabindex=&quot;-1&quot;
      &gt;
        &lt;ol
          class=&quot;fixed top-0 z-[100] flex max-h-screen w-full flex-col-reverse p-4 sm:bottom-0 sm:right-0 sm:top-auto sm:flex-col md:max-w-[420px]&quot;
          tabindex=&quot;-1&quot;
        /&gt;
      &lt;/div&gt;
    &lt;/div&gt;
  &lt;/div&gt;
&lt;/body&gt;
    at Object.getElementError (/Users/mike/Plate-Restaurant-System-App/node_modules/@testing-library/dom/dist/config.js:37:19)
    at /Users/mike/Plate-Restaurant-System-App/node_modules/@testing-library/dom/dist/query-helpers.js:76:38
    at /Users/mike/Plate-Restaurant-System-App/node_modules/@testing-library/dom/dist/query-helpers.js:52:17
    at /Users/mike/Plate-Restaurant-System-App/node_modules/@testing-library/dom/dist/query-helpers.js:95:19
    at Object.getByText (/Users/mike/Plate-Restaurant-System-App/__tests__/unit/components/kds/kds-main-content.test.tsx:319:33)
    at Promise.then.completed (/Users/mike/Plate-Restaurant-System-App/node_modules/jest-circus/build/utils.js:298:28)
    at new Promise (&lt;anonymous&gt;)
    at callAsyncCircusFn (/Users/mike/Plate-Restaurant-System-App/node_modules/jest-circus/build/utils.js:231:10)
    at _callCircusTest (/Users/mike/Plate-Restaurant-System-App/node_modules/jest-circus/build/run.js:316:40)
    at processTicksAndRejections (node:internal/process/task_queues:105:5)
    at _runTest (/Users/mike/Plate-Restaurant-System-App/node_modules/jest-circus/build/run.js:252:3)
    at _runTestsForDescribeBlock (/Users/mike/Plate-Restaurant-System-App/node_modules/jest-circus/build/run.js:126:9)
    at _runTestsForDescribeBlock (/Users/mike/Plate-Restaurant-System-App/node_modules/jest-circus/build/run.js:121:9)
    at _runTestsForDescribeBlock (/Users/mike/Plate-Restaurant-System-App/node_modules/jest-circus/build/run.js:121:9)
    at run (/Users/mike/Plate-Restaurant-System-App/node_modules/jest-circus/build/run.js:71:3)
    at runAndTransformResultsToJestFormat (/Users/mike/Plate-Restaurant-System-App/node_modules/jest-circus/build/legacy-code-todo-rewrite/jestAdapterInit.js:122:21)
    at jestAdapter (/Users/mike/Plate-Restaurant-System-App/node_modules/jest-circus/build/legacy-code-todo-rewrite/jestAdapter.js:79:19)
    at runTestInternal (/Users/mike/Plate-Restaurant-System-App/node_modules/jest-runner/build/runTest.js:367:16)
    at runTest (/Users/mike/Plate-Restaurant-System-App/node_modules/jest-runner/build/runTest.js:444:34)
    at Object.worker (/Users/mike/Plate-Restaurant-System-App/node_modules/jest-runner/build/testWorker.js:106:12)</failure>
    </testcase>
    <testcase classname="KDSMainContent User Interactions handles order recall action" name="KDSMainContent User Interactions handles order recall action" time="0.007">
      <failure>TestingLibraryElementError: Unable to find an element with the text: Recall. This could be because the text is broken up by multiple elements. In this case, you can provide a function for your text matcher to make your matcher more flexible.

Ignored nodes: comments, script, style
&lt;body&gt;
  &lt;div&gt;
    &lt;div&gt;
      &lt;div
        class=&quot;flex-1&quot;
      &gt;
        &lt;div
          class=&quot;relative overflow-hidden h-full&quot;
          dir=&quot;ltr&quot;
          style=&quot;position: relative; --radix-scroll-area-corner-width: 0px; --radix-scroll-area-corner-height: 0px;&quot;
        &gt;
          &lt;div
            class=&quot;h-full w-full rounded-[inherit]&quot;
            data-radix-scroll-area-viewport=&quot;&quot;
            style=&quot;overflow-x: hidden; overflow-y: scroll;&quot;
          &gt;
            &lt;div
              style=&quot;min-width: 100%; display: table;&quot;
            &gt;
              &lt;div
                class=&quot;p-4 grid gap-4 grid-cols-1 lg:grid-cols-2 xl:grid-cols-3&quot;
              &gt;
                &lt;div
                  data-table-id=&quot;table-1&quot;
                  data-testid=&quot;table-group-card&quot;
                &gt;
                  &lt;div&gt;
                    Table: 
                    Table 1
                  &lt;/div&gt;
                  &lt;button&gt;
                    Bump Table
                  &lt;/button&gt;
                &lt;/div&gt;
              &lt;/div&gt;
            &lt;/div&gt;
          &lt;/div&gt;
        &lt;/div&gt;
      &lt;/div&gt;
      &lt;div
        aria-label=&quot;Notifications (F8)&quot;
        role=&quot;region&quot;
        style=&quot;pointer-events: none;&quot;
        tabindex=&quot;-1&quot;
      &gt;
        &lt;ol
          class=&quot;fixed top-0 z-[100] flex max-h-screen w-full flex-col-reverse p-4 sm:bottom-0 sm:right-0 sm:top-auto sm:flex-col md:max-w-[420px]&quot;
          tabindex=&quot;-1&quot;
        /&gt;
      &lt;/div&gt;
    &lt;/div&gt;
  &lt;/div&gt;
&lt;/body&gt;
    at Object.getElementError (/Users/mike/Plate-Restaurant-System-App/node_modules/@testing-library/dom/dist/config.js:37:19)
    at /Users/mike/Plate-Restaurant-System-App/node_modules/@testing-library/dom/dist/query-helpers.js:76:38
    at /Users/mike/Plate-Restaurant-System-App/node_modules/@testing-library/dom/dist/query-helpers.js:52:17
    at /Users/mike/Plate-Restaurant-System-App/node_modules/@testing-library/dom/dist/query-helpers.js:95:19
    at Object.getByText (/Users/mike/Plate-Restaurant-System-App/__tests__/unit/components/kds/kds-main-content.test.tsx:332:35)
    at Promise.then.completed (/Users/mike/Plate-Restaurant-System-App/node_modules/jest-circus/build/utils.js:298:28)
    at new Promise (&lt;anonymous&gt;)
    at callAsyncCircusFn (/Users/mike/Plate-Restaurant-System-App/node_modules/jest-circus/build/utils.js:231:10)
    at _callCircusTest (/Users/mike/Plate-Restaurant-System-App/node_modules/jest-circus/build/run.js:316:40)
    at processTicksAndRejections (node:internal/process/task_queues:105:5)
    at _runTest (/Users/mike/Plate-Restaurant-System-App/node_modules/jest-circus/build/run.js:252:3)
    at _runTestsForDescribeBlock (/Users/mike/Plate-Restaurant-System-App/node_modules/jest-circus/build/run.js:126:9)
    at _runTestsForDescribeBlock (/Users/mike/Plate-Restaurant-System-App/node_modules/jest-circus/build/run.js:121:9)
    at _runTestsForDescribeBlock (/Users/mike/Plate-Restaurant-System-App/node_modules/jest-circus/build/run.js:121:9)
    at run (/Users/mike/Plate-Restaurant-System-App/node_modules/jest-circus/build/run.js:71:3)
    at runAndTransformResultsToJestFormat (/Users/mike/Plate-Restaurant-System-App/node_modules/jest-circus/build/legacy-code-todo-rewrite/jestAdapterInit.js:122:21)
    at jestAdapter (/Users/mike/Plate-Restaurant-System-App/node_modules/jest-circus/build/legacy-code-todo-rewrite/jestAdapter.js:79:19)
    at runTestInternal (/Users/mike/Plate-Restaurant-System-App/node_modules/jest-runner/build/runTest.js:367:16)
    at runTest (/Users/mike/Plate-Restaurant-System-App/node_modules/jest-runner/build/runTest.js:444:34)
    at Object.worker (/Users/mike/Plate-Restaurant-System-App/node_modules/jest-runner/build/testWorker.js:106:12)</failure>
    </testcase>
    <testcase classname="KDSMainContent User Interactions handles table bump action in table view" name="KDSMainContent User Interactions handles table bump action in table view" time="0.221">
      <failure>ReferenceError: ResizeObserver is not defined
    at /Users/mike/Plate-Restaurant-System-App/node_modules/@radix-ui/react-scroll-area/src/scroll-area.tsx:997:30
    at Object.react-stack-bottom-frame (/Users/mike/Plate-Restaurant-System-App/node_modules/react-dom/cjs/react-dom-client.development.js:23949:20)
    at runWithFiberInDEV (/Users/mike/Plate-Restaurant-System-App/node_modules/react-dom/cjs/react-dom-client.development.js:1522:13)
    at commitHookEffectListMount (/Users/mike/Plate-Restaurant-System-App/node_modules/react-dom/cjs/react-dom-client.development.js:11905:29)
    at commitHookLayoutEffects (/Users/mike/Plate-Restaurant-System-App/node_modules/react-dom/cjs/react-dom-client.development.js:11857:11)
    at commitLayoutEffectOnFiber (/Users/mike/Plate-Restaurant-System-App/node_modules/react-dom/cjs/react-dom-client.development.js:12613:13)
    at recursivelyTraverseLayoutEffects (/Users/mike/Plate-Restaurant-System-App/node_modules/react-dom/cjs/react-dom-client.development.js:13590:11)
    at commitLayoutEffectOnFiber (/Users/mike/Plate-Restaurant-System-App/node_modules/react-dom/cjs/react-dom-client.development.js:12611:11)
    at recursivelyTraverseLayoutEffects (/Users/mike/Plate-Restaurant-System-App/node_modules/react-dom/cjs/react-dom-client.development.js:13590:11)
    at commitLayoutEffectOnFiber (/Users/mike/Plate-Restaurant-System-App/node_modules/react-dom/cjs/react-dom-client.development.js:12611:11)
    at recursivelyTraverseLayoutEffects (/Users/mike/Plate-Restaurant-System-App/node_modules/react-dom/cjs/react-dom-client.development.js:13590:11)
    at commitLayoutEffectOnFiber (/Users/mike/Plate-Restaurant-System-App/node_modules/react-dom/cjs/react-dom-client.development.js:12611:11)
    at recursivelyTraverseLayoutEffects (/Users/mike/Plate-Restaurant-System-App/node_modules/react-dom/cjs/react-dom-client.development.js:13590:11)
    at commitLayoutEffectOnFiber (/Users/mike/Plate-Restaurant-System-App/node_modules/react-dom/cjs/react-dom-client.development.js:12611:11)
    at recursivelyTraverseLayoutEffects (/Users/mike/Plate-Restaurant-System-App/node_modules/react-dom/cjs/react-dom-client.development.js:13590:11)
    at commitLayoutEffectOnFiber (/Users/mike/Plate-Restaurant-System-App/node_modules/react-dom/cjs/react-dom-client.development.js:12727:11)
    at recursivelyTraverseLayoutEffects (/Users/mike/Plate-Restaurant-System-App/node_modules/react-dom/cjs/react-dom-client.development.js:13590:11)
    at commitLayoutEffectOnFiber (/Users/mike/Plate-Restaurant-System-App/node_modules/react-dom/cjs/react-dom-client.development.js:12611:11)
    at recursivelyTraverseLayoutEffects (/Users/mike/Plate-Restaurant-System-App/node_modules/react-dom/cjs/react-dom-client.development.js:13590:11)
    at commitLayoutEffectOnFiber (/Users/mike/Plate-Restaurant-System-App/node_modules/react-dom/cjs/react-dom-client.development.js:12791:11)
    at recursivelyTraverseLayoutEffects (/Users/mike/Plate-Restaurant-System-App/node_modules/react-dom/cjs/react-dom-client.development.js:13590:11)
    at commitLayoutEffectOnFiber (/Users/mike/Plate-Restaurant-System-App/node_modules/react-dom/cjs/react-dom-client.development.js:12611:11)
    at recursivelyTraverseLayoutEffects (/Users/mike/Plate-Restaurant-System-App/node_modules/react-dom/cjs/react-dom-client.development.js:13590:11)
    at commitLayoutEffectOnFiber (/Users/mike/Plate-Restaurant-System-App/node_modules/react-dom/cjs/react-dom-client.development.js:12611:11)
    at recursivelyTraverseLayoutEffects (/Users/mike/Plate-Restaurant-System-App/node_modules/react-dom/cjs/react-dom-client.development.js:13590:11)
    at commitLayoutEffectOnFiber (/Users/mike/Plate-Restaurant-System-App/node_modules/react-dom/cjs/react-dom-client.development.js:12611:11)
    at recursivelyTraverseLayoutEffects (/Users/mike/Plate-Restaurant-System-App/node_modules/react-dom/cjs/react-dom-client.development.js:13590:11)
    at commitLayoutEffectOnFiber (/Users/mike/Plate-Restaurant-System-App/node_modules/react-dom/cjs/react-dom-client.development.js:12727:11)
    at recursivelyTraverseLayoutEffects (/Users/mike/Plate-Restaurant-System-App/node_modules/react-dom/cjs/react-dom-client.development.js:13590:11)
    at commitLayoutEffectOnFiber (/Users/mike/Plate-Restaurant-System-App/node_modules/react-dom/cjs/react-dom-client.development.js:12611:11)
    at recursivelyTraverseLayoutEffects (/Users/mike/Plate-Restaurant-System-App/node_modules/react-dom/cjs/react-dom-client.development.js:13590:11)
    at commitLayoutEffectOnFiber (/Users/mike/Plate-Restaurant-System-App/node_modules/react-dom/cjs/react-dom-client.development.js:12611:11)
    at recursivelyTraverseLayoutEffects (/Users/mike/Plate-Restaurant-System-App/node_modules/react-dom/cjs/react-dom-client.development.js:13590:11)
    at commitLayoutEffectOnFiber (/Users/mike/Plate-Restaurant-System-App/node_modules/react-dom/cjs/react-dom-client.development.js:12791:11)
    at recursivelyTraverseLayoutEffects (/Users/mike/Plate-Restaurant-System-App/node_modules/react-dom/cjs/react-dom-client.development.js:13590:11)
    at commitLayoutEffectOnFiber (/Users/mike/Plate-Restaurant-System-App/node_modules/react-dom/cjs/react-dom-client.development.js:12611:11)
    at recursivelyTraverseLayoutEffects (/Users/mike/Plate-Restaurant-System-App/node_modules/react-dom/cjs/react-dom-client.development.js:13590:11)
    at commitLayoutEffectOnFiber (/Users/mike/Plate-Restaurant-System-App/node_modules/react-dom/cjs/react-dom-client.development.js:12727:11)
    at recursivelyTraverseLayoutEffects (/Users/mike/Plate-Restaurant-System-App/node_modules/react-dom/cjs/react-dom-client.development.js:13590:11)
    at commitLayoutEffectOnFiber (/Users/mike/Plate-Restaurant-System-App/node_modules/react-dom/cjs/react-dom-client.development.js:12611:11)
    at recursivelyTraverseLayoutEffects (/Users/mike/Plate-Restaurant-System-App/node_modules/react-dom/cjs/react-dom-client.development.js:13590:11)
    at commitLayoutEffectOnFiber (/Users/mike/Plate-Restaurant-System-App/node_modules/react-dom/cjs/react-dom-client.development.js:12611:11)
    at recursivelyTraverseLayoutEffects (/Users/mike/Plate-Restaurant-System-App/node_modules/react-dom/cjs/react-dom-client.development.js:13590:11)
    at commitLayoutEffectOnFiber (/Users/mike/Plate-Restaurant-System-App/node_modules/react-dom/cjs/react-dom-client.development.js:12693:11)
    at flushLayoutEffects (/Users/mike/Plate-Restaurant-System-App/node_modules/react-dom/cjs/react-dom-client.development.js:15559:15)
    at commitRoot (/Users/mike/Plate-Restaurant-System-App/node_modules/react-dom/cjs/react-dom-client.development.js:15402:9)
    at performWorkOnRoot (/Users/mike/Plate-Restaurant-System-App/node_modules/react-dom/cjs/react-dom-client.development.js:14526:15)
    at performSyncWorkOnRoot (/Users/mike/Plate-Restaurant-System-App/node_modules/react-dom/cjs/react-dom-client.development.js:16231:7)
    at flushSyncWorkAcrossRoots_impl (/Users/mike/Plate-Restaurant-System-App/node_modules/react-dom/cjs/react-dom-client.development.js:16079:21)
    at flushSpawnedWork (/Users/mike/Plate-Restaurant-System-App/node_modules/react-dom/cjs/react-dom-client.development.js:15677:9)
    at commitRoot (/Users/mike/Plate-Restaurant-System-App/node_modules/react-dom/cjs/react-dom-client.development.js:15403:9)
    at performWorkOnRoot (/Users/mike/Plate-Restaurant-System-App/node_modules/react-dom/cjs/react-dom-client.development.js:14526:15)
    at performWorkOnRootViaSchedulerTask (/Users/mike/Plate-Restaurant-System-App/node_modules/react-dom/cjs/react-dom-client.development.js:16216:7)
    at flushActQueue (/Users/mike/Plate-Restaurant-System-App/node_modules/react/cjs/react.development.js:566:34)
    at Object.&lt;anonymous&gt;.process.env.NODE_ENV.exports.act (/Users/mike/Plate-Restaurant-System-App/node_modules/react/cjs/react.development.js:859:10)
    at /Users/mike/Plate-Restaurant-System-App/node_modules/@testing-library/react/dist/act-compat.js:47:25
    at Object.eventWrapper (/Users/mike/Plate-Restaurant-System-App/node_modules/@testing-library/react/dist/pure.js:107:28)
    at Object.wrapEvent (/Users/mike/Plate-Restaurant-System-App/node_modules/@testing-library/user-event/dist/cjs/event/wrapEvent.js:6:28)
    at Object.dispatchEvent (/Users/mike/Plate-Restaurant-System-App/node_modules/@testing-library/user-event/dist/cjs/event/dispatchEvent.js:45:22)
    at Object.dispatchUIEvent (/Users/mike/Plate-Restaurant-System-App/node_modules/@testing-library/user-event/dist/cjs/event/dispatchEvent.js:22:26)
    at /Users/mike/Plate-Restaurant-System-App/node_modules/@testing-library/user-event/dist/cjs/system/pointer/pointer.js:55:50
    at Array.forEach (&lt;anonymous&gt;)
    at Object.enter (/Users/mike/Plate-Restaurant-System-App/node_modules/@testing-library/user-event/dist/cjs/system/pointer/pointer.js:55:27)
    at PointerHost.move (/Users/mike/Plate-Restaurant-System-App/node_modules/@testing-library/user-event/dist/cjs/system/pointer/index.js:53:85)
    at pointerAction (/Users/mike/Plate-Restaurant-System-App/node_modules/@testing-library/user-event/dist/cjs/pointer/index.js:59:39)
    at Object.pointer (/Users/mike/Plate-Restaurant-System-App/node_modules/@testing-library/user-event/dist/cjs/pointer/index.js:27:15)
    at Object.asyncWrapper (/Users/mike/Plate-Restaurant-System-App/node_modules/@testing-library/react/dist/pure.js:88:22)
    at Object.&lt;anonymous&gt; (/Users/mike/Plate-Restaurant-System-App/__tests__/unit/components/kds/kds-main-content.test.tsx:347:7)</failure>
    </testcase>
    <testcase classname="KDSMainContent Performance memoizes components to prevent unnecessary re-renders" name="KDSMainContent Performance memoizes components to prevent unnecessary re-renders" time="0.006">
      <failure>TestingLibraryElementError: Unable to find an element by: [data-testid=&quot;order-card&quot;]

Ignored nodes: comments, script, style
&lt;body&gt;
  &lt;div&gt;
    &lt;div&gt;
      &lt;div
        class=&quot;flex-1&quot;
      &gt;
        &lt;div
          class=&quot;relative overflow-hidden h-full&quot;
          dir=&quot;ltr&quot;
          style=&quot;position: relative; --radix-scroll-area-corner-width: 0px; --radix-scroll-area-corner-height: 0px;&quot;
        &gt;
          &lt;div
            class=&quot;h-full w-full rounded-[inherit]&quot;
            data-radix-scroll-area-viewport=&quot;&quot;
            style=&quot;overflow-x: hidden; overflow-y: scroll;&quot;
          &gt;
            &lt;div
              style=&quot;min-width: 100%; display: table;&quot;
            &gt;
              &lt;div
                class=&quot;p-4 grid gap-4 grid-cols-1 lg:grid-cols-2 xl:grid-cols-3&quot;
              &gt;
                &lt;div
                  data-table-id=&quot;table-1&quot;
                  data-testid=&quot;table-group-card&quot;
                &gt;
                  &lt;div&gt;
                    Table: 
                    Table 1
                  &lt;/div&gt;
                  &lt;button&gt;
                    Bump Table
                  &lt;/button&gt;
                &lt;/div&gt;
              &lt;/div&gt;
            &lt;/div&gt;
          &lt;/div&gt;
        &lt;/div&gt;
      &lt;/div&gt;
      &lt;div
        aria-label=&quot;Notifications (F8)&quot;
        role=&quot;region&quot;
        style=&quot;pointer-events: none;&quot;
        tabindex=&quot;-1&quot;
      &gt;
        &lt;ol
          class=&quot;fixed top-0 z-[100] flex max-h-screen w-full flex-col-reverse p-4 sm:bottom-0 sm:right-0 sm:top-auto sm:flex-col md:max-w-[420px]&quot;
          tabindex=&quot;-1&quot;
        /&gt;
      &lt;/div&gt;
    &lt;/div&gt;
  &lt;/div&gt;
&lt;/body&gt;
    at Object.getElementError (/Users/mike/Plate-Restaurant-System-App/node_modules/@testing-library/dom/dist/config.js:37:19)
    at /Users/mike/Plate-Restaurant-System-App/node_modules/@testing-library/dom/dist/query-helpers.js:76:38
    at /Users/mike/Plate-Restaurant-System-App/node_modules/@testing-library/dom/dist/query-helpers.js:109:15
    at Object.getAllByTestId (/Users/mike/Plate-Restaurant-System-App/__tests__/unit/components/kds/kds-main-content.test.tsx:368:21)
    at Promise.then.completed (/Users/mike/Plate-Restaurant-System-App/node_modules/jest-circus/build/utils.js:298:28)
    at new Promise (&lt;anonymous&gt;)
    at callAsyncCircusFn (/Users/mike/Plate-Restaurant-System-App/node_modules/jest-circus/build/utils.js:231:10)
    at _callCircusTest (/Users/mike/Plate-Restaurant-System-App/node_modules/jest-circus/build/run.js:316:40)
    at _runTest (/Users/mike/Plate-Restaurant-System-App/node_modules/jest-circus/build/run.js:252:3)
    at _runTestsForDescribeBlock (/Users/mike/Plate-Restaurant-System-App/node_modules/jest-circus/build/run.js:126:9)
    at _runTestsForDescribeBlock (/Users/mike/Plate-Restaurant-System-App/node_modules/jest-circus/build/run.js:121:9)
    at _runTestsForDescribeBlock (/Users/mike/Plate-Restaurant-System-App/node_modules/jest-circus/build/run.js:121:9)
    at run (/Users/mike/Plate-Restaurant-System-App/node_modules/jest-circus/build/run.js:71:3)
    at runAndTransformResultsToJestFormat (/Users/mike/Plate-Restaurant-System-App/node_modules/jest-circus/build/legacy-code-todo-rewrite/jestAdapterInit.js:122:21)
    at jestAdapter (/Users/mike/Plate-Restaurant-System-App/node_modules/jest-circus/build/legacy-code-todo-rewrite/jestAdapter.js:79:19)
    at runTestInternal (/Users/mike/Plate-Restaurant-System-App/node_modules/jest-runner/build/runTest.js:367:16)
    at runTest (/Users/mike/Plate-Restaurant-System-App/node_modules/jest-runner/build/runTest.js:444:34)
    at Object.worker (/Users/mike/Plate-Restaurant-System-App/node_modules/jest-runner/build/testWorker.js:106:12)</failure>
    </testcase>
    <testcase classname="KDSMainContent Performance handles large datasets efficiently" name="KDSMainContent Performance handles large datasets efficiently" time="0.008">
      <failure>TestingLibraryElementError: Unable to find an element by: [data-testid=&quot;order-card&quot;]

Ignored nodes: comments, script, style
&lt;body&gt;
  &lt;div&gt;
    &lt;div&gt;
      &lt;div
        class=&quot;flex-1&quot;
      &gt;
        &lt;div
          class=&quot;relative overflow-hidden h-full&quot;
          dir=&quot;ltr&quot;
          style=&quot;position: relative; --radix-scroll-area-corner-width: 0px; --radix-scroll-area-corner-height: 0px;&quot;
        &gt;
          &lt;div
            class=&quot;h-full w-full rounded-[inherit]&quot;
            data-radix-scroll-area-viewport=&quot;&quot;
            style=&quot;overflow-x: hidden; overflow-y: scroll;&quot;
          &gt;
            &lt;div
              style=&quot;min-width: 100%; display: table;&quot;
            &gt;
              &lt;div
                class=&quot;p-4 grid gap-4 grid-cols-1 lg:grid-cols-2 xl:grid-cols-3&quot;
              &gt;
                &lt;div
                  data-table-id=&quot;table-1&quot;
                  data-testid=&quot;table-group-card&quot;
                &gt;
                  &lt;div&gt;
                    Table: 
                    Table 1
                  &lt;/div&gt;
                  &lt;button&gt;
                    Bump Table
                  &lt;/button&gt;
                &lt;/div&gt;
              &lt;/div&gt;
            &lt;/div&gt;
          &lt;/div&gt;
        &lt;/div&gt;
      &lt;/div&gt;
      &lt;div
        aria-label=&quot;Notifications (F8)&quot;
        role=&quot;region&quot;
        style=&quot;pointer-events: none;&quot;
        tabindex=&quot;-1&quot;
      &gt;
        &lt;ol
[...]
      <failure>Error: expect(received).toHaveLength(expected)

Expected length: 1
Received length: 0
Received array:  []

Ignored nodes: comments, script, style
&lt;html&gt;
  &lt;head&gt;
    &lt;title&gt;
      Test
    &lt;/title&gt;
  &lt;/head&gt;
  &lt;body&gt;
    &lt;div /&gt;
  &lt;/body&gt;
&lt;/html&gt;
    at toHaveLength (/Users/mike/Plate-Restaurant-System-App/__tests__/unit/lib/state/domains/orders-context.test.tsx:280:39)
    at runWithExpensiveErrorDiagnosticsDisabled (/Users/mike/Plate-Restaurant-System-App/node_modules/@testing-library/dom/dist/config.js:47:12)
    at checkCallback (/Users/mike/Plate-Restaurant-System-App/node_modules/@testing-library/dom/dist/wait-for.js:124:77)
    at checkRealTimersCallback (/Users/mike/Plate-Restaurant-System-App/node_modules/@testing-library/dom/dist/wait-for.js:118:16)
    at Timeout.task [as _onTimeout] (/Users/mike/Plate-Restaurant-System-App/node_modules/jsdom/lib/jsdom/browser/Window.js:579:19)
    at listOnTimeout (node:internal/timers:608:17)
    at processTimers (node:internal/timers:543:7)</failure>
    </testcase>
    <testcase classname="OrdersContext Optimistic Updates merges multiple optimistic updates" name="OrdersContext Optimistic Updates merges multiple optimistic updates" time="1.005">
      <failure>Error: expect(received).toHaveLength(expected)

Expected length: 1
Received length: 0
Received array:  []

Ignored nodes: comments, script, style
&lt;html&gt;
  &lt;head&gt;
    &lt;title&gt;
      Test
    &lt;/title&gt;
  &lt;/head&gt;
  &lt;body&gt;
    &lt;div /&gt;
  &lt;/body&gt;
&lt;/html&gt;
    at toHaveLength (/Users/mike/Plate-Restaurant-System-App/__tests__/unit/lib/state/domains/orders-context.test.tsx:309:39)
    at runWithExpensiveErrorDiagnosticsDisabled (/Users/mike/Plate-Restaurant-System-App/node_modules/@testing-library/dom/dist/config.js:47:12)
    at checkCallback (/Users/mike/Plate-Restaurant-System-App/node_modules/@testing-library/dom/dist/wait-for.js:124:77)
    at checkRealTimersCallback (/Users/mike/Plate-Restaurant-System-App/node_modules/@testing-library/dom/dist/wait-for.js:118:16)
    at Timeout.task [as _onTimeout] (/Users/mike/Plate-Restaurant-System-App/node_modules/jsdom/lib/jsdom/browser/Window.js:579:19)
    at listOnTimeout (node:internal/timers:608:17)
    at processTimers (node:internal/timers:543:7)</failure>
    </testcase>
    <testcase classname="OrdersContext Query Functions gets order by ID" name="OrdersContext Query Functions gets order by ID" time="0.008">
    </testcase>
    <testcase classname="OrdersContext Query Functions gets orders by status" name="OrdersContext Query Functions gets orders by status" time="1.005">
      <failure>Error: expect(received).toHaveLength(expected)

Expected length: 3
Received length: 0
Received array:  []

Ignored nodes: comments, script, style
&lt;html&gt;
  &lt;head&gt;
    &lt;title&gt;
      Test
    &lt;/title&gt;
  &lt;/head&gt;
  &lt;body&gt;
    &lt;div /&gt;
  &lt;/body&gt;
&lt;/html&gt;
    at toHaveLength (/Users/mike/Plate-Restaurant-System-App/__tests__/unit/lib/state/domains/orders-context.test.tsx:362:39)
    at runWithExpensiveErrorDiagnosticsDisabled (/Users/mike/Plate-Restaurant-System-App/node_modules/@testing-library/dom/dist/config.js:47:12)
    at checkCallback (/Users/mike/Plate-Restaurant-System-App/node_modules/@testing-library/dom/dist/wait-for.js:124:77)
    at checkRealTimersCallback (/Users/mike/Plate-Restaurant-System-App/node_modules/@testing-library/dom/dist/wait-for.js:118:16)
    at Timeout.task [as _onTimeout] (/Users/mike/Plate-Restaurant-System-App/node_modules/jsdom/lib/jsdom/browser/Window.js:579:19)
    at listOnTimeout (node:internal/timers:608:17)
    at processTimers (node:internal/timers:543:7)</failure>
    </testcase>
    <testcase classname="OrdersContext Query Functions gets orders by table" name="OrdersContext Query Functions gets orders by table" time="1.004">
      <failure>Error: expect(received).toHaveLength(expected)

Expected length: 3
Received length: 0
Received array:  []

Ignored nodes: comments, script, style
&lt;html&gt;
  &lt;head&gt;
    &lt;title&gt;
      Test
    &lt;/title&gt;
  &lt;/head&gt;
  &lt;body&gt;
    &lt;div /&gt;
  &lt;/body&gt;
&lt;/html&gt;
    at toHaveLength (/Users/mike/Plate-Restaurant-System-App/__tests__/unit/lib/state/domains/orders-context.test.tsx:378:39)
    at runWithExpensiveErrorDiagnosticsDisabled (/Users/mike/Plate-Restaurant-System-App/node_modules/@testing-library/dom/dist/config.js:47:12)
    at checkCallback (/Users/mike/Plate-Restaurant-System-App/node_modules/@testing-library/dom/dist/wait-for.js:124:77)
    at checkRealTimersCallback (/Users/mike/Plate-Restaurant-System-App/node_modules/@testing-library/dom/dist/wait-for.js:118:16)
    at Timeout.task [as _onTimeout] (/Users/mike/Plate-Restaurant-System-App/node_modules/jsdom/lib/jsdom/browser/Window.js:579:19)
    at listOnTimeout (node:internal/timers:608:17)
    at processTimers (node:internal/timers:543:7)</failure>
    </testcase>
    <testcase classname="OrdersContext Query Functions gets orders by resident" name="OrdersContext Query Functions gets orders by resident" time="1.004">
      <failure>Error: expect(received).toHaveLength(expected)

Expected length: 3
Received length: 0
Received array:  []

Ignored nodes: comments, script, style
&lt;html&gt;
  &lt;head&gt;
    &lt;title&gt;
      Test
    &lt;/title&gt;
  &lt;/head&gt;
  &lt;body&gt;
    &lt;div /&gt;
  &lt;/body&gt;
&lt;/html&gt;
    at toHaveLength (/Users/mike/Plate-Restaurant-System-App/__tests__/unit/lib/state/domains/orders-context.test.tsx:394:39)
    at runWithExpensiveErrorDiagnosticsDisabled (/Users/mike/Plate-Restaurant-System-App/node_modules/@testing-library/dom/dist/config.js:47:12)
    at checkCallback (/Users/mike/Plate-Restaurant-System-App/node_modules/@testing-library/dom/dist/wait-for.js:124:77)
    at checkRealTimersCallback (/Users/mike/Plate-Restaurant-System-App/node_modules/@testing-library/dom/dist/wait-for.js:118:16)
    at Timeout.task [as _onTimeout] (/Users/mike/Plate-Restaurant-System-App/node_modules/jsdom/lib/jsdom/browser/Window.js:579:19)
    at listOnTimeout (node:internal/timers:608:17)
    at processTimers (node:internal/timers:543:7)</failure>
    </testcase>
    <testcase classname="OrdersContext Query Functions gets active orders" name="OrdersContext Query Functions gets active orders" time="0.007">
    </testcase>
    <testcase classname="OrdersContext Order Statistics calculates order statistics correctly" name="OrdersContext Order Statistics calculates order statistics correctly" time="0.009">
      <failure>Error: expect(received).toBe(expected) // Object.is equality

Expected: 0
Received: 0.00005
    at Object.toBe (/Users/mike/Plate-Restaurant-System-App/__tests__/unit/lib/state/domains/orders-context.test.tsx:435:33)</failure>
    </testcase>
    <testcase classname="OrdersContext Order Statistics handles empty order list" name="OrdersContext Order Statistics handles empty order list" time="0.004">
    </testcase>
    <testcase classname="OrdersContext Convenience Hooks useOrdersData provides read-only data" name="OrdersContext Convenience Hooks useOrdersData provides read-only data" time="0.007">
      <failure>Error: expect(received).toEqual(expected) // deep equality

- Expected  - 20
+ Received  +  1

- Array [
-   Object {
-     &quot;actual_time&quot;: null,
-     &quot;created_at&quot;: &quot;2025-06-14T22:11:11.988Z&quot;,
-     &quot;id&quot;: &quot;order-1&quot;,
-     &quot;items&quot;: Array [
-       &quot;Test Item 1&quot;,
-       &quot;Test Item 2&quot;,
-     ],
-     &quot;priority&quot;: 1,
-     &quot;resident_id&quot;: &quot;test-resident-id&quot;,
-     &quot;seat_id&quot;: &quot;test-seat-id&quot;,
-     &quot;server_id&quot;: &quot;test-server-id&quot;,
-     &quot;status&quot;: &quot;new&quot;,
-     &quot;table_id&quot;: &quot;test-table-id&quot;,
-     &quot;transcript&quot;: &quot;Test order transcript&quot;,
-     &quot;type&quot;: &quot;food&quot;,
-     &quot;updated_at&quot;: &quot;2025-06-14T22:11:11.988Z&quot;,
-   },
- ]
+ Array []
    at Object.toEqual (/Users/mike/Plate-Restaurant-System-App/__tests__/unit/lib/state/domains/orders-context.test.tsx:465:37)</failure>
    </testcase>
    <testcase classname="OrdersContext Convenience Hooks useActiveOrders provides active orders only" name="OrdersContext Convenience Hooks useActiveOrders provides active orders only" time="1.008">
      <failure>Error: expect(received).toHaveLength(expected)

Expected length: 2
Received length: 0
Received array:  []

Ignored nodes: comments, script, style
&lt;html&gt;
  &lt;head&gt;
    &lt;title&gt;
      Test
    &lt;/title&gt;
  &lt;/head&gt;
  &lt;body&gt;
    &lt;div /&gt;
    &lt;div /&gt;
  &lt;/body&gt;
&lt;/html&gt;
    at toHaveLength (/Users/mike/Plate-Restaurant-System-App/__tests__/unit/lib/state/domains/orders-context.test.tsx:486:45)
    at runWithExpensiveErrorDiagnosticsDisabled (/Users/mike/Plate-Restaurant-System-App/node_modules/@testing-library/dom/dist/config.js:47:12)
    at checkCallback (/Users/mike/Plate-Restaurant-System-App/node_modules/@testing-library/dom/dist/wait-for.js:124:77)
    at checkRealTimersCallback (/Users/mike/Plate-Restaurant-System-App/node_modules/@testing-library/dom/dist/wait-for.js:118:16)
    at Timeout.task [as _onTimeout] (/Users/mike/Plate-Restaurant-System-App/node_modules/jsdom/lib/jsdom/browser/Window.js:579:19)
    at listOnTimeout (node:internal/timers:608:17)
    at processTimers (node:internal/timers:543:7)</failure>
    </testcase>
    <testcase classname="OrdersContext Error Handling throws error when used outside provider" name="OrdersContext Error Handling throws error when used outside provider" time="0.028">
    </testcase>
    <testcase classname="OrdersContext Error Handling handles concurrent operations gracefully" name="OrdersContext Error Handling handles concurrent operations gracefully" time="0.009">
    </testcase>
    <testcase classname="OrdersContext Error Handling maintains state consistency on partial failures" name="OrdersContext Error Handling maintains state consistency on partial failures" time="1.004">
      <failure>Error: expect(received).toHaveLength(expected)

Expected length: 1
Received length: 0
Received array:  []

Ignored nodes: comments, script, style
&lt;html&gt;
  &lt;head&gt;
    &lt;title&gt;
      Test
    &lt;/title&gt;
  &lt;/head&gt;
  &lt;body&gt;
    &lt;div /&gt;
  &lt;/body&gt;
&lt;/html&gt;
    at toHaveLength (/Users/mike/Plate-Restaurant-System-App/__tests__/unit/lib/state/domains/orders-context.test.tsx:533:39)
    at runWithExpensiveErrorDiagnosticsDisabled (/Users/mike/Plate-Restaurant-System-App/node_modules/@testing-library/dom/dist/config.js:47:12)
    at checkCallback (/Users/mike/Plate-Restaurant-System-App/node_modules/@testing-library/dom/dist/wait-for.js:124:77)
    at checkRealTimersCallback (/Users/mike/Plate-Restaurant-System-App/node_modules/@testing-library/dom/dist/wait-for.js:118:16)
    at Timeout.task [as _onTimeout] (/Users/mike/Plate-Restaurant-System-App/node_modules/jsdom/lib/jsdom/browser/Window.js:579:19)
    at listOnTimeout (node:internal/timers:608:17)
    at processTimers (node:internal/timers:543:7)</failure>
    </testcase>
    <testcase classname="OrdersContext Performance memoizes computed values correctly" name="OrdersContext Performance memoizes computed values correctly" time="1.004">
      <failure>Error: expect(received).toHaveLength(expected)

Expected length: 1
Received length: 0
Received array:  []

Ignored nodes: comments, script, style
&lt;html&gt;
  &lt;head&gt;
    &lt;title&gt;
      Test
    &lt;/title&gt;
  &lt;/head&gt;
  &lt;body&gt;
    &lt;div /&gt;
  &lt;/body&gt;
&lt;/html&gt;
    at toHaveLength (/Users/mike/Plate-Restaurant-System-App/__tests__/unit/lib/state/domains/orders-context.test.tsx:566:39)
    at runWithExpensiveErrorDiagnosticsDisabled (/Users/mike/Plate-Restaurant-System-App/node_modules/@testing-library/dom/dist/config.js:47:12)
    at checkCallback (/Users/mike/Plate-Restaurant-System-App/node_modules/@testing-library/dom/dist/wait-for.js:124:77)
    at checkRealTimersCallback (/Users/mike/Plate-Restaurant-System-App/node_modules/@testing-library/dom/dist/wait-for.js:118:16)
    at Timeout.task [as _onTimeout] (/Users/mike/Plate-Restaurant-System-App/node_modules/jsdom/lib/jsdom/browser/Window.js:579:19)
    at listOnTimeout (node:internal/timers:608:17)
    at processTimers (node:internal/timers:543:7)</failure>
    </testcase>
    <testcase classname="OrdersContext Performance handles large datasets efficiently" name="OrdersContext Performance handles large datasets efficiently" time="1.009">
      <failure>Error: expect(received).toHaveLength(expected)

Expected length: 1000
Received length: 0
Received array:  []

Ignored nodes: comments, script, style
&lt;html&gt;
  &lt;head&gt;
    &lt;title&gt;
      Test
    &lt;/title&gt;
  &lt;/head&gt;
  &lt;body&gt;
    &lt;div /&gt;
  &lt;/body&gt;
&lt;/html&gt;
    at toHaveLength (/Users/mike/Plate-Restaurant-System-App/__tests__/unit/lib/state/domains/orders-context.test.tsx:591:39)
    at runWithExpensiveErrorDiagnosticsDisabled (/Users/mike/Plate-Restaurant-System-App/node_modules/@testing-library/dom/dist/config.js:47:12)
    at checkCallback (/Users/mike/Plate-Restaurant-System-App/node_modules/@testing-library/dom/dist/wait-for.js:124:77)
    at checkRealTimersCallback (/Users/mike/Plate-Restaurant-System-App/node_modules/@testing-library/dom/dist/wait-for.js:118:16)
    at Timeout.task [as _onTimeout] (/Users/mike/Plate-Restaurant-System-App/node_modules/jsdom/lib/jsdom/browser/Window.js:579:19)
    at listOnTimeout (node:internal/timers:608:17)
    at processTimers (node:internal/timers:543:7)</failure>
    </testcase>
    <testcase classname="OrdersContext Real-time Updates configures real-time subscription when enabled" name="OrdersContext Real-time Updates configures real-time subscription when enabled" time="0.004">
    </testcase>
    <testcase classname="OrdersContext Real-time Updates configures auto-refresh when enabled" name="OrdersContext Real-time Updates configures auto-refresh when enabled" time="0.002">
    </testcase>
  </testsuite>
  <testsuite name="AudioOptimizer" errors="0" failures="2" skipped="0" timestamp="2025-06-14T22:11:01" time="19.291" tests="21">
    <testcase classname="AudioOptimizer Audio Analysis should analyze audio file properties correctly" name="AudioOptimizer Audio Analysis should analyze audio file properties correctly" time="0.041">
    </testcase>
    <testcase classname="AudioOptimizer Audio Analysis should detect different audio formats" name="AudioOptimizer Audio Analysis should detect different audio formats" time="0.002">
    </testcase>
    <testcase classname="AudioOptimizer Audio Analysis should calculate estimated transcription cost" name="AudioOptimizer Audio Analysis should calculate estimated transcription cost" time="0.001">
    </testcase>
    <testcase classname="AudioOptimizer Optimization Detection should identify files that need optimization" name="AudioOptimizer Optimization Detection should identify files that need optimization" time="0.012">
    </testcase>
    <testcase classname="AudioOptimizer Optimization Detection should not optimize files that are already optimal" name="AudioOptimizer Optimization Detection should not optimize files that are already optimal" time="0">
    </testcase>
    <testcase classname="AudioOptimizer Audio Optimization should compress large audio files" name="AudioOptimizer Audio Optimization should compress large audio files" time="2.442">
    </testcase>
    <testcase classname="AudioOptimizer Audio Optimization should skip optimization for already optimal files" name="AudioOptimizer Audio Optimization should skip optimization for already optimal files" time="0.002">
    </testcase>
    <testcase classname="AudioOptimizer Audio Optimization should apply multiple optimizations when needed" name="AudioOptimizer Audio Optimization should apply multiple optimizations when needed" time="0.021">
    </testcase>
    <testcase classname="AudioOptimizer Audio Optimization should handle optimization failures gracefully" name="AudioOptimizer Audio Optimization should handle optimization failures gracefully" time="0.008">
      <failure>Error: expect(received).toContain(expected) // indexOf

Expected value: &quot;optimization-failed&quot;
Received array: [&quot;compression&quot;]
    at Object.toContain (/Users/mike/Plate-Restaurant-System-App/__tests__/unit/lib/voice-ordering/audio-optimization.test.ts:175:42)
    at processTicksAndRejections (node:internal/process/task_queues:105:5)</failure>
    </testcase>
    <testcase classname="AudioOptimizer Compression Effectiveness should achieve target compression ratios" name="AudioOptimizer Compression Effectiveness should achieve target compression ratios" time="4.049">
    </testcase>
    <testcase classname="AudioOptimizer Compression Effectiveness should reduce file sizes by at least 30% for large files" name="AudioOptimizer Compression Effectiveness should reduce file sizes by at least 30% for large files" time="2.171">
    </testcase>
    <testcase classname="AudioOptimizer Cost Optimization should calculate cost savings from optimization" name="AudioOptimizer Cost Optimization should calculate cost savings from optimization" time="2.03">
    </testcase>
    <testcase classname="AudioOptimizer Cost Optimization should maintain transcription quality while reducing costs" name="AudioOptimizer Cost Optimization should maintain transcription quality while reducing costs" time="2.013">
    </testcase>
    <testcase classname="AudioOptimizer Format Optimization should convert to optimal formats" name="AudioOptimizer Format Optimization should convert to optimal formats" time="0.002">
    </testcase>
    <testcase classname="AudioOptimizer Performance Requirements should optimize audio files quickly" name="AudioOptimizer Performance Requirements should optimize audio files quickly" time="0.003">
    </testcase>
    <testcase classname="AudioOptimizer Performance Requirements should handle multiple file sizes efficiently" name="AudioOptimizer Performance Requirements should handle multiple file sizes efficiently" time="2.02">
    </testcase>
    <testcase classname="AudioOptimizer Edge Cases should handle very small audio files" name="AudioOptimizer Edge Cases should handle very small audio files" time="0">
    </testcase>
    <testcase classname="AudioOptimizer Edge Cases should handle unsupported formats gracefully" name="AudioOptimizer Edge Cases should handle unsupported formats gracefully" time="0.002">
      <failure>Error: expect(received).toBe(expected) // Object.is equality

Expected: &quot;unknown&quot;
Received: &quot;mp3&quot;
    at Object.toBe (/Users/mike/Plate-Restaurant-System-App/__tests__/unit/lib/voice-ordering/audio-optimization.test.ts:286:38)
    at processTicksAndRejections (node:internal/process/task_queues:105:5)</failure>
    </testcase>
    <testcase classname="AudioOptimizer Edge Cases should handle corrupted audio data" name="AudioOptimizer Edge Cases should handle corrupted audio data" time="0">
    </testcase>
    <testcase classname="AudioOptimizer Integration with Transcription Pipeline should integrate with the convenience function" name="AudioOptimizer Integration with Transcription Pipeline should integrate with the convenience function" time="2.043">
    </testcase>
    <testcase classname="AudioOptimizer Integration with Transcription Pipeline should provide detailed metadata for tracking" name="AudioOptimizer Integration with Transcription Pipeline should provide detailed metadata for tracking" time="2.003">
    </testcase>
  </testsuite>
</testsuites>